2022-04-06 14:09:55: LOG: Import: C:/Users/shustov-a/Downloads/room5_swing_chair_1.fbx
2022-04-06 14:16:44: LOG: Import: C:/Users/shustov-a/Desktop/123.fbx
2022-04-06 14:17:07: LOG: Import: C:/Users/shustov-a/Desktop/123.fbx
2022-04-06 14:20:03: LOG: Import: C:/Users/shustov-a/Desktop/123.fbx
2022-09-30 18:43:57: LOG: Import: C:/Storage/3D/SK_Katherine_Towel/source/SK_Katherine_Body.fbx
2022-09-30 18:44:12: LOG: Import: C:/Storage/3D/SK_Katherine_Towel/source/SK_Katherine_BodyWhole.fbx
2022-09-30 18:44:28: LOG: Import: C:/Storage/3D/SK_Katherine_Towel/source/SK_Katherine_Body.fbx
2022-09-30 18:45:08: LOG: Import: C:/Storage/3D/SK_Katherine_Towel/source/SK_JazzClub_Towel.fbx
2022-09-30 20:23:25: LOG: Import: C:/Storage/3D/SK_Katherine_WashFaceHair/source/SK_Wedding_WashHair.fbx
2022-10-03 12:07:37: LOG: Import: C:/Users/shustov-a/Downloads/SK_Katherine_Body.fbx
2022-10-03 12:08:46: LOG: Import: G:/Shared drives/Homescapes/Graphics/!Events/Event_Makeover/3D/07_Katherine/Character/Models_and_textures/Clothes/Towel/SK_Katherine_Towel.fbx
2022-10-03 18:09:49: LOG: Import: C:/Users/shustov-a/Desktop/HS_MO_Kathrine_concept_Start+Final.fbx
2022-10-04 09:52:30: LOG: Import: C:/Users/shustov-a/Desktop/HS_MO_Pet_Start+Final_concept.fbx
2022-10-04 10:23:34: LOG: Import: C:/Users/shustov-a/Desktop/Camera.fbx
2022-10-04 14:27:58: LOG: Import: C:/Users/shustov-a/Downloads/PuppyRoom.fbx
2022-10-04 14:36:44: LOG: Import: C:/Users/shustov-a/Downloads/PuppyRoom.fbx
2022-10-04 14:38:51: LOG: Import: C:/Storage/3D/SM_Puppy_BoxAStart/123.fbx
2022-10-07 10:42:59: LOG: Import: C:/Users/shustov-a/Downloads/PuppyRoom (1).fbx
2022-10-07 10:45:21: LOG: Import: C:/Storage/3D/SM_Puppy_BoxAStart/SM_Puppy_BoxAStart.fbx
2022-10-07 10:48:30: LOG: Import: C:/Storage/3D/SM_Puppy_BoxAStart/SM_Puppy_BoxAStart_shdw.fbx
2022-10-07 10:50:56: LOG: Import: C:/Storage/3D/SM_Puppy_BoxAStart/SM_Puppy_BoxAStart.fbx
2022-10-07 10:51:02: LOG: Import: C:/Storage/3D/SM_Puppy_BoxAStart/SM_Puppy_BoxAStart_shdw.fbx
2022-10-07 12:10:56: LOG: Import: C:/Users/shustov-a/Downloads/PuppyRoom (1).fbx
2022-10-07 14:32:37: LOG: Import: C:/Users/shustov-a/Downloads/PuppyRoom (1).fbx
2022-10-11 09:57:29: LOG: Import: C:/Users/shustov-a/Downloads/PuppyRoom (1).fbx
2022-10-13 11:45:44: LOG: Import: C:/Storage/3D/SM_Katherine_Protect_TreeStart/source/tree_start.fbx
2022-10-13 12:55:10: LOG: Import: C:/Storage/3D/SM_Katherine_Protect_TreeStart/source/leafs_1.fbx
2022-10-13 14:43:02: LOG: Import: C:/Storage/3D/SM_Katherine_Protect_TreeStart/source/leafs_2.fbx
2022-10-13 17:21:15: LOG: Import: C:/Storage/3D/SK_Puppy_Can/source/SK_Puppy_BodyStateC.fbx
2022-10-14 18:34:48: LOG: Import: C:/Storage/3D/SK_Puppy_Can/source/puppy/SM_Puppy_StateA_sizemesh.fbx
2022-10-19 12:36:43: LOG: Import: C:/Storage/3D/SM_Katherine_Protect_TreeStart/source/leafs_3.fbx
2022-10-20 11:45:20: LOG: Import: C:/Storage/3D/SM_Katherine_Protect_TreeStart/source/flower.fbx
2022-10-20 18:26:30: LOG: Import: C:/Storage/3D/SM_Katherine_Protect_TreeStart/source/SM_Makeover_Room6_podium_start.fbx
2022-10-20 19:02:04: LOG: Import: C:/Storage/3D/SM_Katherine_Protect_TreeStart/source/SM_Makeover_Room6_podium_shdw_start.fbx
2022-10-21 17:43:32: LOG: Import: C:/Users/shustov-a/Desktop/123.fbx
2022-10-24 12:57:34: LOG: Import: C:/Users/shustov-a/Desktop/123.fbx
2022-10-24 17:05:30: LOG: Import: C:/Users/shustov-a/Desktop/123.fbx
2022-10-24 17:05:43: LOG: Import: C:/Storage/3D/SM_Katherine_Walls_ShelvesStart/camera.fbx
2022-10-24 17:11:56: LOG: Import: C:/Users/shustov-a/Desktop/123.fbx
2022-10-25 14:55:57: LOG: Import: C:/Storage/3D/SM_Katherine_Walls_ShelvesStart/temp_pos.fbx
2022-10-27 13:06:20: LOG: Import: C:/Users/shustov-a/Downloads/SK_JazzClub_TopB.fbx
2022-10-27 17:58:11: LOG: Import: C:/Storage/3D/SM_Katherine_Protect_TreeStart/SM_Katherine_Protect_Table.fbx
2022-10-27 17:59:59: LOG: Import: G:/My Drive/3DModels/GS_M_Room6_table/SM_makeover_room6_table_ABC.fbx
2022-10-31 14:29:01: LOG: Import: C:/Storage/3D/SM_Katherine_Lamps/123.fbx
2022-11-01 13:10:00: LOG: Import: C:/Storage/3D/SM_Katherine_Protect_TreeStart/source/Tree/!Final/Camera.fbx
2022-11-01 13:17:43: LOG: Import: C:/Storage/3D/SM_Katherine_Lamps/123.fbx
2022-11-04 15:46:56: LOG: Import: C:/Storage/3D/SM_Katherine_Floor_FurnitureStartA/123.fbx
2022-11-04 16:35:12: LOG: Import: C:/Storage/3D/SM_Katherine_Floor_FurnitureStartA/Camera.fbx
2022-11-04 17:33:40: LOG: Import: C:/Storage/3D/SM_Katherine_Floor_FurnitureStartA/source/SM_Katherine_Windows_FlowersStart.fbx
2022-11-07 12:11:05: LOG: Import: C:/Storage/3D/SM_Katherine_Lamps/SM_Katherine_Lamps.fbx
2022-11-08 15:22:35: LOG: Import: C:/Users/shustov-a/Desktop/123.fbx
2022-11-08 17:02:30: LOG: Import: C:/Users/shustov-a/Downloads/room.fbx
2022-11-09 14:53:08: LOG: Import: C:/Storage/3D/SM_Katherine_RemoveTrash/123.fbx
2022-11-09 17:43:56: LOG: Import: C:/Users/shustov-a/Desktop/123.fbx
2022-11-10 12:11:48: LOG: Import: C:/Users/shustov-a/Downloads/room.fbx
2022-11-10 16:34:43: LOG: Import: C:/Users/shustov-a/Desktop/123.fbx
2022-11-10 19:17:53: LOG: Import: C:/Storage/3D/SM_Katherine_RemoveTrash/123.fbx
2022-11-17 13:12:52: LOG: Import: G:/Shared drives/Homescapes/Graphics/!Events/Event_Makeover/3D/07_Katherine/Room/Room_Assets_ABC/Tools/SM_Katherine_Tools.fbx
2022-11-17 13:30:05: LOG: Import: G:/Shared drives/Homescapes/Graphics/!Events/Event_Makeover/3D/07_Katherine/Room/Room_Assets_ABC/Tools/SM_Katherine_Tools_shdw.fbx
2022-11-17 17:19:21: LOG: Import: C:/Storage/3D/SK_Michelle_Bag/source/SK_Michelle_Body.fbx
2022-11-17 17:24:34: LOG: Import: G:/Shared drives/Homescapes/Graphics/!Events/Event_Makeover/3D/07_Katherine/Room/StartRoom/Fbx/SM_Katherine_WindowStart.fbx
2022-11-17 17:24:39: LOG: Import: G:/Shared drives/Homescapes/Graphics/!Events/Event_Makeover/3D/07_Katherine/Room/StartRoom/Fbx/SM_Katherine_WallStart.fbx
2022-11-17 17:24:44: LOG: Import: G:/Shared drives/Homescapes/Graphics/!Events/Event_Makeover/3D/07_Katherine/Room/StartRoom/Fbx/SM_Katherine_FloorStart.fbx
2022-11-17 17:34:03: LOG: Import: G:/Shared drives/Homescapes/Graphics/!Events/Event_Makeover/3D/07_Katherine/Room/StartRoom/Room_Assets/TreeStart/SM_Katherine_Protect_TreeStart_shdw.fbx
2022-11-17 17:34:08: LOG: Import: G:/Shared drives/Homescapes/Graphics/!Events/Event_Makeover/3D/07_Katherine/Room/StartRoom/Room_Assets/TreeStart/SM_Katherine_Protect_TreeStart.fbx
2022-11-17 17:36:14: LOG: Import: G:/Shared drives/Homescapes/Graphics/!Events/Event_Makeover/3D/07_Katherine/Room/StartRoom/Room_Assets/Shelves/SM_Katherine_Walls_ShelvesStart.fbx
2022-11-17 17:36:18: LOG: Import: G:/Shared drives/Homescapes/Graphics/!Events/Event_Makeover/3D/07_Katherine/Room/StartRoom/Room_Assets/Shelves/SM_Katherine_Walls_ShelvesStart_shdw.fbx
2022-11-17 17:48:50: LOG: Import: G:/Shared drives/Homescapes/Graphics/!Events/Event_Makeover/3D/07_Katherine/Room/StartRoom/Room_Assets/RemoveTrash/SM_Katherine_RemoveTrash_shdw.fbx
2022-11-17 17:48:55: LOG: Import: G:/Shared drives/Homescapes/Graphics/!Events/Event_Makeover/3D/07_Katherine/Room/StartRoom/Room_Assets/RemoveTrash/SM_Katherine_RemoveTrash.fbx
2022-11-17 18:16:05: LOG: Import: G:/Shared drives/Homescapes/Graphics/!Events/Event_Makeover/3D/07_Katherine/Room/StartRoom/Room_Assets/FurnitureStartB/SM_Katherine_Floor_FurnitureStartB.fbx
2022-11-17 18:16:09: LOG: Import: G:/Shared drives/Homescapes/Graphics/!Events/Event_Makeover/3D/07_Katherine/Room/StartRoom/Room_Assets/FurnitureStartB/SM_Katherine_Floor_FurnitureStartB_shdw.fbx
2022-11-17 19:29:08: LOG: Import: G:/Shared drives/Homescapes/Graphics/!Events/Event_Makeover/3D/07_Katherine/Room/StartRoom/Room_Assets/FurnitureStartA/SM_Katherine_FurnitureStartA.fbx
2022-11-17 19:29:13: LOG: Import: G:/Shared drives/Homescapes/Graphics/!Events/Event_Makeover/3D/07_Katherine/Room/StartRoom/Room_Assets/FurnitureStartA/SM_Katherine_FurnitureStartA_shdw.fbx
2022-11-17 19:35:19: LOG: Import: G:/Shared drives/Homescapes/Graphics/!Events/Event_Makeover/3D/07_Katherine/Room/StartRoom/Room_Assets/FlowersStart/SM_Katherine_Windows_FlowersStart.fbx
2022-11-17 19:35:24: LOG: Import: G:/Shared drives/Homescapes/Graphics/!Events/Event_Makeover/3D/07_Katherine/Room/StartRoom/Room_Assets/FlowersStart/SM_Katherine_Windows_FlowersStart_shdw.fbx
2022-11-17 19:43:39: LOG: Import: G:/Shared drives/Homescapes/Graphics/!Events/Event_Makeover/3D/07_Katherine/Room/StartRoom/Room_Assets/FurnitureStartA/SM_Katherine_FurnitureStartA.fbx
2022-11-17 19:43:42: LOG: Import: G:/Shared drives/Homescapes/Graphics/!Events/Event_Makeover/3D/07_Katherine/Room/StartRoom/Room_Assets/FurnitureStartA/SM_Katherine_FurnitureStartA_shdw.fbx
2022-11-17 19:45:24: LOG: Import: G:/Shared drives/Homescapes/Graphics/!Events/Event_Makeover/3D/07_Katherine/Room/StartRoom/Room_Assets/FurnitureStartA/SM_Katherine_FurnitureStartA.fbx
2022-11-17 19:45:28: LOG: Import: G:/Shared drives/Homescapes/Graphics/!Events/Event_Makeover/3D/07_Katherine/Room/StartRoom/Room_Assets/FurnitureStartA/SM_Katherine_FurnitureStartA_shdw.fbx
2022-11-17 20:28:53: LOG: Import: G:/Shared drives/Homescapes/Graphics/!Events/Event_Makeover/3D/07_Katherine/Room/StartRoom/Room_Assets/Shelves/SM_Katherine_Walls_ShelvesStart.fbx
2022-11-17 20:31:55: LOG: Import: G:/Shared drives/Homescapes/Graphics/!Events/Event_Makeover/3D/07_Katherine/Room/StartRoom/Room_Assets/Shelves/SM_Katherine_Walls_ShelvesStart.fbx
2022-11-17 20:31:58: LOG: Import: G:/Shared drives/Homescapes/Graphics/!Events/Event_Makeover/3D/07_Katherine/Room/StartRoom/Room_Assets/Shelves/SM_Katherine_Walls_ShelvesStart_shdw.fbx
2022-11-18 13:16:34: LOG: Import: G:/Shared drives/Homescapes/Graphics/!Events/Event_Makeover/3D/07_Katherine/Character/Models_and_textures/Body/SK_Katherine_BodyWhole.fbx
2022-11-18 13:20:03: LOG: Import: G:/Shared drives/Homescapes/Graphics/!Events/Event_Makeover/3D/07_Katherine/Character/Models_and_textures/Body/SK_Katherine_Body.fbx
2022-11-18 20:32:21: LOG: Import: C:/Storage/3D/KatherineStart/Camera.fbx
2022-11-23 12:35:44: LOG: Import: C:/Storage/3D/SK_Austin_Watch/source/SK_Austin_Body.fbx
2022-11-23 16:05:58: LOG: Import: C:/Storage/3D/SK_Austin_Watch/source/SK_Austin_Body.fbx
2022-11-25 17:20:56: LOG: Import: G:/Shared drives/Homescapes/Graphics/!Events/Event_Makeover/3D/07_Katherine/Character/Models_and_textures/Accessories/GardeningTools/SK_Katherine_GardeningToolsABC_fork.fbx
2022-11-25 17:21:06: LOG: Import: G:/Shared drives/Homescapes/Graphics/!Events/Event_Makeover/3D/07_Katherine/Character/Models_and_textures/Accessories/GardeningTools/SK_Katherine_GardeningToolsABC_shovel.fbx
2022-12-01 13:27:07: LOG: Import: G:/Shared drives/Homescapes/Graphics/!Events/Event_Makeover/3D/07_Katherine/Character/Models_and_textures/Clothes/Shoes/A/SK_Katherine_ShoesA.fbx
2022-12-01 14:44:00: LOG: Import: C:/Users/shustov-a/Desktop/SM_Katherine_Protect_Tree.fbx
2022-12-01 14:44:41: LOG: Import: C:/Storage/3D/SM_Katherine_Protect_TreeStart/FBX/SM_Katherine_Protect_Tree.fbx
2022-12-02 21:55:36: LOG: Import: C:/Storage/3D/SK_Austin_TrousersABC/123.fbx
2022-12-05 19:06:43: LOG: Import: C:/Storage/3D/SK_Austin_TrousersABC/123.fbx
2022-12-05 19:07:18: LOG: Import: C:/Storage/3D/SK_Austin_TrousersABC/123.fbx
2022-12-07 15:04:51: LOG: Import: C:/Storage/3D/SK_Austin_TrousersABC/SK_Austin_Body.fbx
2022-12-08 19:49:39: LOG: Import: C:/Storage/3D/SK_Austin_Belt/123.fbx
2022-12-08 19:59:36: LOG: Import: C:/Storage/3D/SK_Austin_TrousersABC/SK_Austin_TrousersABC.fbx
2022-12-09 13:12:12: LOG: Import: C:/Storage/3D/SK_Austin_Shoes/SK_Austin_ShoesA.fbx
2022-12-12 10:47:02: LOG: Import: C:/Storage/3D/SM_Austin_PoufCarpet/123.fbx
2022-12-12 10:47:14: LOG: Import: C:/Storage/3D/SM_Austin_PoufCarpet/Camera.fbx
2022-12-15 13:40:15: LOG: Import: C:/Users/shustov-a/Downloads/Room (2).fbx
2022-12-15 13:50:12: LOG: Import: C:/Storage/3D/SM_Austin_Table/123.fbx
2022-12-15 14:03:50: LOG: Import: C:/Storage/3D/SM_Austin_Table/123.fbx
2022-12-15 14:04:17: LOG: Import: C:/Storage/3D/SM_Austin_Table/123.fbx
2022-12-15 14:05:39: LOG: Import: C:/Storage/3D/SM_Austin_Table/123.fbx
2022-12-15 14:19:30: LOG: Import: C:/Storage/3D/SM_Austin_PoufCarpet/source/Camera.fbx
2022-12-15 21:27:45: LOG: Import: C:/Storage/3D/SM_Austin_PoufCarpet/source/123.fbx
2022-12-15 21:28:16: LOG: Import: C:/Storage/3D/SM_Austin_Table/123.fbx
2022-12-21 15:21:26: LOG: Import: C:/Storage/3D/SM_Austin_ArmChair/source/123.fbx
2022-12-21 15:22:51: LOG: Import: C:/Storage/3D/SM_Austin_ArmChair/source/123.fbx
2022-12-21 15:23:01: LOG: Import: C:/Storage/3D/SM_Austin_ArmChair/source/SM_PolarExplorer_ArmchairC.fbx
2022-12-21 15:25:40: LOG: Import: C:/Storage/3D/SM_Austin_PoufCarpet/source/Camera.fbx
2022-12-22 12:41:43: LOG: Import: C:/Storage/3D/SM_Austin_Lamp/source/123.fbx
2022-12-26 13:13:21: LOG: Import: C:/Storage/3D/SM_Austin_TeaCase/source/123.fbx
2022-12-27 12:15:11: LOG: Import: C:/Users/shustov-a/Downloads/Telegram Desktop/12312232323232323.fbx
2022-12-27 17:41:26: LOG: Import: C:/Storage/3D/SK_Austin_Hat/source/SK_Austin_Body.fbx
2022-12-27 17:41:40: LOG: Import: C:/Storage/3D/SK_Austin_Hat/source/SK_Austin_HaircutABC.fbx
2022-12-27 20:45:03: LOG: Import: C:/Storage/3D/SK_Austin_Hat/source/SK_Austin_MustacheA.fbx
2022-12-28 16:20:34: LOG: Import: C:/Storage/3D/SK_Austin_Hat/123.fbx
2022-12-28 18:13:38: LOG: Import: C:/Storage/3D/SK_Austin_Hat/123.fbx
2022-12-29 14:06:20: LOG: Import: C:/Storage/3D/SK_Austin_Hat/123.fbx
2023-01-09 20:08:22: LOG: Import: C:/Storage/3D/SM_Austin_Lamp/SM_Austin_Lamp.fbx
2023-01-09 20:08:28: LOG: Import: C:/Storage/3D/SM_Austin_Lamp/SM_Austin_Lamp_shdw.fbx
2023-01-09 22:36:54: LOG: Import: C:/Storage/3D/SM_Austin_Lamp/SM_Austin_Lamp.fbx
2023-01-09 22:36:58: LOG: Import: C:/Storage/3D/SM_Austin_Lamp/SM_Austin_Lamp_shdw.fbx
2023-01-09 22:41:10: LOG: Import: C:/Storage/3D/SM_Austin_TeaCase/SM_Austin_TeaCase.fbx
2023-01-10 14:44:37: LOG: Import: C:/Storage/3D/SM_Austin_Dummy/Dummy.fbx
2023-01-10 15:10:17: LOG: Import: C:/Storage/3D/SM_Austin_Dummy/source/HS_MO_Ostin_Room_Start_Final.fbx
2023-01-10 19:26:41: LOG: Import: C:/Storage/3D/SM_Austin_Dummy/source/SK_Austin_WaistcoatB.fbx
2023-01-10 20:06:39: LOG: Import: C:/Storage/3D/SM_Austin_Dummy/source/Dummy.fbx
2023-01-10 20:41:09: LOG: Import: C:/Storage/3D/SM_Austin_Dummy/source/SK_Austin_BowtieABC.fbx
2023-01-10 21:26:54: LOG: Import: C:/Storage/3D/SM_Austin_Dummy/source/Dummy.fbx
2023-01-10 21:27:11: LOG: Import: C:/Storage/3D/SM_Austin_Dummy/source/123.fbx
2023-01-10 21:27:50: LOG: Import: C:/Storage/3D/SM_Austin_Dummy/source/123.fbx
2023-01-10 21:29:04: LOG: Import: C:/Storage/3D/SM_Austin_Dummy/source/123.fbx
2023-01-10 21:29:27: LOG: Import: C:/Storage/3D/SM_Austin_Dummy/source/123.fbx
2023-01-12 11:56:20: LOG: Import: C:/Storage/3D/SM_Austin_Dummy/source/321.fbx
2023-01-12 11:56:27: LOG: Import: C:/Storage/3D/SM_Austin_Dummy/source/123.fbx
2023-01-17 17:13:19: LOG: Import: C:/Storage/3D/SM_Austin_MirrorStart/source/SM_Austin_FloorStart.fbx
2023-01-17 17:13:36: LOG: Import: C:/Storage/3D/SM_Austin_MirrorStart/source/SM_Austin_WallsCeilingStart.fbx
2023-01-17 17:19:19: LOG: Import: C:/Storage/3D/SM_Austin_PoufCarpet/source/Camera.fbx
2023-01-17 17:34:44: LOG: Import: C:/Storage/3D/SM_Austin_MirrorStart/source/123.fbx
2023-01-17 17:36:33: LOG: Import: C:/Storage/3D/SM_Austin_MirrorStart/source/123.fbx
2023-01-17 19:57:55: LOG: Import: C:/Storage/3D/SM_Austin_MirrorStart/source/321.fbx
2023-01-17 19:57:59: LOG: Import: C:/Storage/3D/SM_Austin_MirrorStart/source/123.fbx
2023-01-17 23:16:17: LOG: Import: C:/Storage/3D/SM_Austin_MirrorStart/source/SK_Austin_ClothesStart.fbx
2023-01-20 16:08:32: LOG: Import: C:/Storage/3D/SM_Austin_WardrobeStartA/HS_MO_Ostin_Room_Start_Final.fbx
2023-01-20 16:08:53: LOG: Import: C:/Storage/3D/SM_Austin_WardrobeStartA/HS_MO_Ostin_Room_Start_Final.fbx
2023-01-20 16:10:09: LOG: Import: C:/Storage/3D/SM_Austin_WardrobeStartA/HS_MO_Ostin_Room_Start_Final.fbx
2023-01-20 16:11:22: LOG: Import: C:/Storage/3D/SM_Austin_WardrobeStartA/HS_MO_Ostin_Room_Start_Final.fbx
2023-01-25 18:43:36: LOG: Import: C:/Storage/3D/SM_Austin_WardrobeStartB/source/HS_MO_Ostin_Room_Start_Final.fbx
2023-01-25 18:44:13: LOG: Import: C:/Storage/3D/SM_Austin_WardrobeStartB/source/SM_makeover_room4_wardrobeB.fbx
2023-01-25 18:44:13: LOG: [WARNING] Changed display layer color - The FBX Plug-in cannot find a match for an indexed color used in Maya for a display layer. It will be substituted by a new color.
The following display layers are affected: LP
2023-01-25 18:45:12: LOG: Import: C:/Storage/3D/SM_Austin_WardrobeStartB/source/SM_makeover_room4_wardrobeB_objects.fbx
2023-01-25 18:45:12: LOG: [WARNING] Changed display layer color - The FBX Plug-in cannot find a match for an indexed color used in Maya for a display layer. It will be substituted by a new color.
The following display layers are affected: LP1
2023-01-30 14:32:31: LOG: Import: C:/Storage/3D/AM_RC_location/source/AM_RC_location_блокинг.fbx
2023-02-01 19:00:07: LOG: Import: C:/Storage/3D/AM_RC_location/sculpt/stone.fbx
2023-02-13 16:45:13: LOG: Import: C:/Users/shustov-a/Downloads/AM_RC_location_блокинг.fbx
2023-02-13 17:08:42: LOG: Import: C:/Storage/3D/AM_RC_location/source/123.fbx
2023-02-17 18:50:28: LOG: Import: C:/Storage/3D/AM_RC_location/source/grass.fbx
2023-02-17 18:58:20: LOG: Import: C:/Storage/3D/AM_RC_location/source/grass.fbx
2023-02-18 22:19:44: LOG: Import: C:/Storage/3D/AM_RC_location/source/grass_test.fbx
2023-02-18 22:21:41: LOG: Import: C:/Storage/3D/AM_RC_location/source/grass_test.fbx
2023-02-18 22:23:37: LOG: Import: C:/Storage/3D/AM_RC_location/source/grass_test.fbx
2023-02-19 01:53:21: LOG: Import: C:/Storage/3D/AM_RC_location/source/grass.fbx
2023-02-19 17:31:52: LOG: Import: C:/Storage/3D/AM_RC_location/source/grass_test.fbx
2023-02-19 17:40:07: LOG: Import: C:/Storage/3D/AM_RC_location/source/grass_test.fbx
2023-02-19 18:01:22: LOG: Import: C:/Storage/3D/AM_RC_location/source/grass_test.fbx
2023-02-19 18:02:52: LOG: Import: C:/Storage/3D/AM_RC_location/source/grass_test.fbx
2023-02-19 18:04:04: LOG: Import: C:/Storage/3D/AM_RC_location/source/grass_test.fbx
2023-02-19 19:29:09: LOG: Import: C:/Storage/3D/AM_RC_location/sculpt/grass2.fbx
2023-02-21 11:32:55: LOG: Import: C:/Storage/3D/AM_RC_location/source/head.fbx
2023-02-21 17:58:03: LOG: Import: C:/Users/shustov-a/Downloads/Grass_pack_01.fbx
2023-02-21 18:24:32: LOG: Import: C:/Storage/3D/AM_RC_location/source/grass.fbx
2023-02-23 14:04:24: LOG: Import: C:/Storage/3D/AM_RC_RI/source/Room_Inventor_concept.fbx
2023-02-23 14:50:19: LOG: Import: C:/Storage/3D/AM_RC_RI/source/Room_Inventor_concept.fbx
2023-03-03 18:51:51: LOG: Import: C:/Storage/3D/AM_RC_RI/source/stonetiale.fbx
2023-03-03 19:10:03: LOG: Import: C:/Storage/3D/AM_RC_RI/source/stonetiale.fbx
2023-03-03 21:51:19: LOG: Import: C:/Storage/3D/AM_RC_RI/source/pCylinder126.fbx
2023-03-03 22:09:07: LOG: Import: C:/Storage/3D/AM_RC_RI/source/pCylinder126.fbx
2023-03-03 22:19:20: LOG: Import: C:/Storage/3D/AM_RC_RI/source/stonetiale.fbx
2023-03-03 22:29:18: LOG: Import: C:/Storage/3D/AM_RC_RI/source/pCylinder126.fbx
2023-03-03 22:29:41: LOG: Import: C:/Storage/3D/AM_RC_RI/source/pCylinder126.fbx
2023-03-03 22:35:15: LOG: Import: C:/Storage/3D/AM_RC_RI/source/pCylinder126.fbx
2023-03-03 22:35:37: LOG: Import: C:/Storage/3D/AM_RC_RI/source/stonetiale.fbx
2023-03-03 22:41:06: LOG: Import: C:/Storage/3D/AM_RC_RI/source/pCylinder126.fbx
2023-03-06 13:28:35: LOG: Import: C:/Storage/3D/AM_RC_RI/source/pCylinder127.fbx
2023-03-06 14:55:56: LOG: Import: C:/Storage/3D/AM_RC_RI/source/pCube351.fbx
2023-03-06 20:03:59: LOG: Import: C:/Storage/3D/AM_RC_RI/source/pCylinder127.fbx
2023-03-08 20:45:43: LOG: Import: C:/Users/shustov-a/Downloads/Grass_pack_01.fbx
2023-03-08 20:56:00: LOG: Import: C:/Storage/3D/AM_RC_RI/source/Merged_adgsdsg.fbx
2023-03-13 20:29:31: LOG: Import: C:/Storage/3D/FS_Icone/source/123.fbx
2023-03-13 20:40:45: LOG: Import: C:/Storage/3D/FS_Icone/source/123.fbx
2023-03-13 20:41:17: LOG: Import: C:/Storage/3D/FS_Icone/source/123.fbx
2023-03-13 20:42:52: LOG: Import: C:/Storage/3D/FS_Icone/source/123.fbx
2023-03-13 21:38:53: LOG: Import: C:/Storage/3D/FS_Icone/source/123.fbx
2023-03-14 15:21:36: LOG: Import: C:/Storage/3D/FS_Icone/source/AM_Icons_(location_name).fbx
2023-03-14 15:45:55: LOG: Import: C:/Storage/3D/FS_Icone/source/123.fbx
2023-03-16 11:52:32: LOG: Import: C:/Storage/3D/FS_Icone/source/123.fbx
2023-03-16 12:13:26: LOG: Import: C:/Storage/3D/FS_Icone/source/123.fbx
2023-03-16 13:52:42: LOG: Import: C:/Storage/3D/FS_Icone/source/123.fbx
2023-03-16 17:28:04: LOG: Import: C:/Storage/3D/FS_Icone/source/123.fbx
2023-03-16 17:36:26: LOG: Import: C:/Storage/3D/FS_Icone/source/123.fbx
2023-03-16 17:38:32: LOG: Import: C:/Storage/3D/FS_Icone/source/123.fbx
2023-03-21 15:03:56: LOG: Import: C:/Storage/3D_2D/PF_BV/source/telega.fbx
2023-03-21 15:54:16: LOG: Import: C:/Storage/3D_2D/PF_BV/source/123.fbx
2023-03-21 16:19:40: LOG: Import: C:/Storage/3D_2D/PF_BV/source/123.fbx
2023-03-21 17:42:13: LOG: Import: C:/Storage/3D_2D/PF_BV/source/123.fbx
2023-03-21 18:39:58: LOG: Import: C:/Storage/3D_2D/PF_BV/source/123.fbx
2023-04-03 14:00:27: LOG: Import: C:/Storage/3D_2D/Chest_Safe/Safe_02.fbx
2023-04-03 14:00:41: LOG: Import: C:/Storage/3D_2D/Chest_Safe/6.fbx
2023-04-03 14:00:43: LOG: [WARNING] Unable to import some material(s) - The plug-in does not support the following material types:
 Material with type 'unknown' will be imported as a Phong material.
2023-04-03 14:00:43: LOG: [WARNING] Changed display layer color - The FBX Plug-in cannot find a match for an indexed color used in Maya for a display layer. It will be substituted by a new color.
The following display layers are affected: C
2023-04-07 12:45:06: LOG: Import: C:/Storage/Reuse_source/hate/Hate_1.fbx
2023-04-07 13:11:10: LOG: Import: C:/Storage/Reuse_source/table/Table_1.fbx
2023-04-07 13:12:38: LOG: Import: C:/Storage/Reuse_source/chair/Chair_1.fbx
2023-04-07 13:16:47: LOG: Import: C:/Storage/Reuse_source/accessories/Compass_1.fbx
2023-04-07 14:45:16: LOG: Import: C:/Users/shustov-a/Downloads/3.fbx
2023-04-07 14:45:17: LOG: [WARNING] Unable to import some material(s) - The plug-in does not support the following material types:
 Material with type 'unknown' will be imported as a Phong material.
2023-04-07 14:45:17: LOG: [WARNING] Changed display layer color - The FBX Plug-in cannot find a match for an indexed color used in Maya for a display layer. It will be substituted by a new color.
The following display layers are affected: D
2023-04-12 16:03:18: LOG: Import: C:/Users/shustov-a/Downloads/5.fbx
2023-04-12 16:03:19: LOG: [WARNING] Unable to import some material(s) - The plug-in does not support the following material types:
 Material with type 'unknown' will be imported as a Phong material.
2023-04-12 16:03:19: LOG: [WARNING] Changed display layer color - The FBX Plug-in cannot find a match for an indexed color used in Maya for a display layer. It will be substituted by a new color.
The following display layers are affected: E
2023-04-12 16:03:39: LOG: Import: C:/Users/shustov-a/Downloads/3 (1).fbx
2023-04-12 16:03:40: LOG: [WARNING] Unable to import some material(s) - The plug-in does not support the following material types:
 Material with type 'unknown' will be imported as a Phong material.
2023-04-12 16:03:40: LOG: [WARNING] Changed display layer color - The FBX Plug-in cannot find a match for an indexed color used in Maya for a display layer. It will be substituted by a new color.
The following display layers are affected: D
2023-04-12 16:03:48: LOG: Import: C:/Users/shustov-a/Downloads/1.fbx
2023-04-12 16:03:48: LOG: [WARNING] Unable to import some material(s) - The plug-in does not support the following material types:
 Material with type 'unknown' will be imported as a Phong material.
2023-04-12 16:03:48: LOG: [WARNING] Changed display layer color - The FBX Plug-in cannot find a match for an indexed color used in Maya for a display layer. It will be substituted by a new color.
The following display layers are affected: A
2023-04-20 22:12:11: LOG: Import: C:/Storage/Reuse_source/123.fbx
2023-04-20 22:30:09: LOG: Import: C:/Storage/Reuse_source/accessories/Compass_1.fbx
2023-04-20 22:30:30: LOG: Import: C:/Storage/Reuse_source/tile/StoneTile_1.fbx
2023-04-21 17:50:19: LOG: Import: C:/Storage/3D_2D/AM_FR/source/grass.fbx
2023-04-21 17:50:48: LOG: Import: C:/Storage/3D_2D/AM_FR/source/grass.fbx
2023-04-21 20:28:36: LOG: Import: C:/Storage/3D_2D/AM_FR/source/Cloud.fbx
2023-04-24 15:09:38: LOG: Import: C:/Users/shustov-a/Downloads/clownfish_anim.fbx
2023-04-24 15:09:40: LOG: [WARNING] BindPose - Incomplete BindPose [nodes parents] - The following parent and/or ancestor node(s) is/are not part of the BindPose definition. geometry
2023-04-24 15:19:23: LOG: Import: C:/Users/shustov-a/Desktop/Test/TestFish.fbx
2023-04-24 15:19:24: LOG: [WARNING] BindPose - Incomplete BindPose [nodes parents] - The following parent and/or ancestor node(s) is/are not part of the BindPose definition. geometry
2023-04-24 15:19:54: LOG: Import: C:/Users/shustov-a/Desktop/Test/TestFish.fbx
2023-04-24 15:43:48: LOG: Import: C:/Users/shustov-a/Desktop/Test/TestFish.fbx
2023-05-01 14:26:02: LOG: Import: C:/Storage/3D_2D/Race_Chest/Race1_01/Grass.fbx
2023-05-01 14:53:31: LOG: Import: C:/Storage/Reuse_source/grass/Grass_pack_01.fbx
2023-05-01 15:13:42: LOG: Import: C:/Storage/3D_2D/Race_Chest/Race1_01/Flag.fbx
2023-05-08 10:42:36: LOG: Import: C:/Storage/3D_2D/Chest_With_Bonus/source/Chest.fbx
2023-05-08 10:49:28: LOG: Import: C:/Storage/3D_2D/Chest_With_Bonus/source/line.fbx
2023-05-08 10:50:05: LOG: Import: C:/Storage/3D_2D/Chest_With_Bonus/source/Hammer/scenes/Hummer_model.fbx
2023-05-08 10:50:52: LOG: Import: C:/Storage/3D_2D/Chest_With_Bonus/source/Reshuffle/geo/Reshaffle.fbx
2023-05-08 10:51:56: LOG: Import: C:/Storage/3D_2D/Chest_With_Bonus/source/Cannon/scenes/Cannon_model.fbx
2023-05-08 10:52:28: LOG: Import: C:/Storage/3D_2D/Chest_With_Bonus/source/bomb.fbx
2023-05-08 10:52:54: LOG: Import: C:/Storage/3D_2D/Chest_With_Bonus/source/bomb.fbx
2023-05-08 10:53:37: LOG: Import: C:/Storage/3D_2D/Chest_With_Bonus/source/line.fbx
2023-05-08 10:55:34: LOG: Import: C:/Storage/3D_2D/Chest_With_Bonus/source/bomb.fbx
2023-05-08 10:55:48: LOG: Import: C:/Storage/3D_2D/Chest_With_Bonus/source/bomb.fbx
2023-05-08 11:17:41: LOG: Import: C:/Storage/3D_2D/Chest_With_Bonus/source/Cannon/scenes/Cannon_model.fbx
2023-05-08 12:12:36: LOG: Import: C:/Storage/3D_2D/Chest_With_Bonus/source/Coin.fbx
2023-05-08 12:49:37: LOG: Import: C:/Storage/3D_2D/Chest_With_Bonus/source/Coin2.fbx
2023-05-08 12:53:03: LOG: Import: C:/Storage/3D_2D/Chest_With_Bonus/source/Coin2.fbx
2023-05-08 12:56:56: LOG: Import: C:/Storage/3D_2D/Chest_With_Bonus/source/Coin3.fbx
2023-05-08 13:01:06: LOG: Import: C:/Storage/3D_2D/Chest_With_Bonus/source/Coin3.fbx
2023-05-08 13:01:20: LOG: Import: C:/Storage/3D_2D/Chest_With_Bonus/source/Coin4.fbx
2023-05-08 13:01:51: LOG: Import: C:/Storage/3D_2D/Chest_With_Bonus/source/Coin5.fbx
2023-05-08 13:02:32: LOG: Import: C:/Storage/3D_2D/Chest_With_Bonus/source/Coin6.fbx
2023-05-08 13:03:06: LOG: Import: C:/Storage/3D_2D/Chest_With_Bonus/source/Coin7.fbx
2023-05-08 13:03:38: LOG: Import: C:/Storage/3D_2D/Chest_With_Bonus/source/Coin8.fbx
2023-05-10 09:33:59: LOG: Import: C:/Storage/3D_2D/Chest_For_Race_Chest/Chests.fbx
2023-05-10 13:35:45: LOG: Import: C:/Storage/3D_2D/Chest_For_Race_Chest/Chests.fbx
2023-05-12 10:30:26: LOG: Import: C:/Storage/3D_2D/Snail_On_Flame/Flame.fbx
2023-05-12 12:20:42: LOG: Import: C:/Storage/3D_2D/Snail_On_Flame/source/Snail.fbx
2023-05-23 16:46:01: LOG: Import: C:/Storage/3D_2D/Chest_With_Bonus/source/propeller.fbx
2023-05-23 17:04:35: LOG: Import: C:/Storage/3D_2D/Chest_With_Bonus/source/Coin.fbx
2023-05-24 14:54:00: LOG: Import: C:/Storage/3D_2D/Propeller_Illustration/Grass123.fbx
2023-05-24 15:22:17: LOG: Import: C:/Storage/3D_2D/Propeller_Illustration/Stone.fbx
2023-05-26 12:25:47: LOG: Import: C:/Storage/3D_2D/Propeller_Illustration/Chest.fbx
