2022-03-24 14:45:02: LOG: Export: C:/Users/shustov-a/Desktop/GS_M_Room5_path/Bake/Hp_path_A.fbx
2022-03-24 14:45:28: LOG: Export: C:/Users/shustov-a/Desktop/GS_M_Room5_path/Bake/Lp_path_A.fbx
2022-03-24 14:48:04: LOG: Export: C:/Users/shustov-a/Desktop/GS_M_Room5_path/Bake/Lp_path_A.fbx
2022-03-24 14:49:20: LOG: Export: C:/Users/shustov-a/Desktop/GS_M_Room5_path/Bake/Hp_path_A.fbx
2022-03-24 14:53:37: LOG: Export: C:/Users/shustov-a/Desktop/GS_M_Room5_path/Bake/Hp_path_B.fbx
2022-03-24 14:53:53: LOG: Export: C:/Users/shustov-a/Desktop/GS_M_Room5_path/Bake/Lp_path_B.fbx
2022-03-24 15:01:44: LOG: Export: C:/Users/shustov-a/Desktop/GS_M_Room5_path/Bake/Hp_path_C.fbx
2022-03-24 15:02:04: LOG: Export: C:/Users/shustov-a/Desktop/GS_M_Room5_path/Bake/Lp_path_C.fbx
2022-04-06 14:14:37: LOG: Export: C:/Users/shustov-a/Desktop/123.fbx
2022-04-06 14:17:56: LOG: Export: C:/Users/shustov-a/Desktop/123.fbx
2022-10-01 22:24:31: LOG: Export: C:/Storage/3D/SK_Katherine_WashFaceHair/SK_Katherine_WashHair.fbx
2022-10-03 12:58:37: LOG: Export: C:/Storage/3D/SK_Katherine_WashFaceHair/SK_Katherine_WashHair.fbx
2022-10-03 12:59:07: LOG: Export: C:/Storage/3D/SK_Katherine_WashFaceHair/SK_Katherine_TowelTop.fbx
2022-10-03 12:59:38: LOG: Export: C:/Storage/3D/SK_Katherine_WashFaceHair/SK_Katherine_Towel_Bottom.fbx
2022-10-03 12:59:46: LOG: Export: C:/Storage/3D/SK_Katherine_WashFaceHair/SK_Katherine_Towel_Top.fbx
2022-10-03 13:12:05: LOG: Export: C:/Storage/3D/SK_Katherine_WashFaceHair/SK_Katherine_WashHair.fbx
2022-10-03 13:12:10: LOG: Export: C:/Storage/3D/SK_Katherine_WashFaceHair/SK_Katherine_Towel_Top.fbx
2022-10-03 13:12:14: LOG: Export: C:/Storage/3D/SK_Katherine_WashFaceHair/SK_Katherine_Towel_Bottom.fbx
2022-10-03 13:15:04: LOG: Export: C:/Storage/3D/SK_Katherine_WashFaceHair/SK_Katherine_WashHair.fbx
2022-10-04 14:38:40: LOG: Export: C:/Storage/3D/SM_Puppy_BoxAStart/123.fbx
2022-10-04 15:06:12: LOG: Export: C:/Storage/3D/SM_Puppy_BoxAStart/Bake/hp_bax_carpet.fbx
2022-10-04 15:06:21: LOG: Export: C:/Storage/3D/SM_Puppy_BoxAStart/Bake/lp_bax_carpet.fbx
2022-10-04 15:15:17: LOG: Export: C:/Storage/3D/SM_Puppy_BoxAStart/Bake/lp_bax_carpet.fbx
2022-10-04 15:34:36: LOG: Export: C:/Storage/3D/SM_Puppy_BoxAStart/Puppy_BoxAStart.fbx
2022-10-04 15:36:27: LOG: Export: C:/Storage/3D/SM_Puppy_BoxAStart/Bake/lp_bax_carpet.fbx
2022-10-04 15:36:35: LOG: Export: C:/Storage/3D/SM_Puppy_BoxAStart/Puppy_BoxAStart.fbx
2022-10-04 15:37:40: LOG: Export: C:/Storage/3D/SM_Puppy_BoxAStart/Puppy_BoxAStart.fbx
2022-10-04 15:37:45: LOG: Export: C:/Storage/3D/SM_Puppy_BoxAStart/Bake/lp_bax_carpet.fbx
2022-10-05 20:16:39: LOG: Export: C:/Storage/3D/SM_Puppy_BoxAStart/SM_Puppy_BoxAStart.fbx
2022-10-05 20:16:49: LOG: Export: C:/Storage/3D/SM_Puppy_BoxAStart/SM_Puppy_BoxAStart_shdw.fbx
2022-10-06 11:28:32: LOG: Export: C:/Storage/3D/SM_Puppy_BoxAStart/Bake/hp_bax_carpet.fbx
2022-10-06 11:28:39: LOG: Export: C:/Storage/3D/SM_Puppy_BoxAStart/Bake/lp_bax_carpet.fbx
2022-10-06 11:32:39: LOG: Export: C:/Storage/3D/SM_Puppy_BoxAStart/Bake/lp_bax_carpet.fbx
2022-10-06 11:32:47: LOG: Export: C:/Storage/3D/SM_Puppy_BoxAStart/Bake/hp_bax_carpet.fbx
2022-10-06 17:03:14: LOG: Export: C:/Storage/3D/SM_Puppy_BoxAStart/Bake/lp_bax_carpet.fbx
2022-10-06 17:03:19: LOG: Export: C:/Storage/3D/SM_Puppy_BoxAStart/Bake/hp_bax_carpet.fbx
2022-10-06 17:04:30: LOG: Export: C:/Storage/3D/SM_Puppy_BoxAStart/Bake/lp_bax_carpet.fbx
2022-10-06 17:07:18: LOG: Export: C:/Storage/3D/SM_Puppy_BoxAStart/Bake/lp_bax_carpet.fbx
2022-10-06 17:08:50: LOG: Export: C:/Storage/3D/SM_Puppy_BoxAStart/Bake/lp_bax_carpet.fbx
2022-10-06 17:09:28: LOG: Export: C:/Storage/3D/SM_Puppy_BoxAStart/Puppy_BoxAStart.fbx
2022-10-06 17:16:07: LOG: Export: C:/Storage/3D/SM_Puppy_BoxAStart/Bake/lp_bax_carpet.fbx
2022-10-06 17:16:32: LOG: Export: C:/Storage/3D/SM_Puppy_BoxAStart/Puppy_BoxAStart.fbx
2022-10-06 20:22:53: LOG: Export: C:/Storage/3D/SM_Puppy_BoxAStart/Puppy_BoxAStart.fbx
2022-10-06 20:31:28: LOG: Export: C:/Storage/3D/SM_Puppy_BoxAStart/SM_Puppy_BoxAStart.fbx
2022-10-06 20:31:33: LOG: Export: C:/Storage/3D/SM_Puppy_BoxAStart/SM_Puppy_BoxAStart_shdw.fbx
2022-10-06 20:34:14: LOG: Export: C:/Storage/3D/SM_Puppy_BoxAStart/SM_Puppy_BoxAStart.fbx
2022-10-06 20:34:19: LOG: Export: C:/Storage/3D/SM_Puppy_BoxAStart/SM_Puppy_BoxAStart_shdw.fbx
2022-10-07 10:06:41: LOG: Export: C:/Storage/3D/SM_Puppy_BoxAStart/SM_Puppy_BoxAStart.fbx
2022-10-07 10:06:41: LOG: [WARNING] Unable to export some material(s) - The plug-in does not support the following material types:
 Material aiFlat1 will be exported as a grey Lambert material.
2022-10-07 10:07:07: LOG: Export: C:/Storage/3D/SM_Puppy_BoxAStart/SM_Puppy_BoxAStart.fbx
2022-10-07 10:50:33: LOG: Export: C:/Storage/3D/SM_Puppy_BoxAStart/SM_Puppy_BoxAStart.fbx
2022-10-07 10:50:39: LOG: Export: C:/Storage/3D/SM_Puppy_BoxAStart/SM_Puppy_BoxAStart_shdw.fbx
2022-10-07 10:51:27: LOG: Export: C:/Storage/3D/SM_Puppy_BoxAStart/SM_Puppy_BoxAStart.fbx
2022-10-07 10:51:32: LOG: Export: C:/Storage/3D/SM_Puppy_BoxAStart/SM_Puppy_BoxAStart_shdw.fbx
2022-10-07 14:35:48: LOG: Export: C:/Storage/3D/SM_Puppy_BoxAStart/Puppy_BoxAStart_shdw.fbx
2022-10-07 15:10:03: LOG: Export: C:/Storage/3D/SM_Puppy_BoxAStart/SM_Puppy_BoxAStart_shdw.fbx
2022-10-07 15:10:09: LOG: Export: C:/Storage/3D/SM_Puppy_BoxAStart/SM_Puppy_BoxAStart.fbx
2022-10-10 11:52:26: LOG: Export: C:/Storage/3D/SM_Puppy_Carpet/bake/hp_carpet.fbx
2022-10-10 11:52:37: LOG: Export: C:/Storage/3D/SM_Puppy_Carpet/bake/lp_carpet.fbx
2022-10-10 11:53:18: LOG: Export: C:/Storage/3D/SM_Puppy_Carpet/Puppy_Carpet.fbx
2022-10-10 18:00:21: LOG: Export: C:/Storage/3D/SM_Puppy_Carpet/SM_Puppy_Carpet.fbx
2022-10-10 18:00:21: LOG: [WARNING] Unable to export some material(s) - The plug-in does not support the following material types:
 Material aiFlat1 will be exported as a grey Lambert material.
2022-10-10 18:00:39: LOG: Export: C:/Storage/3D/SM_Puppy_Carpet/SM_Puppy_Carpet.fbx
2022-10-10 18:00:47: LOG: Export: C:/Storage/3D/SM_Puppy_Carpet/SM_Puppy_Carpet_shdw.fbx
2022-10-11 13:47:40: LOG: Export: C:/Storage/3D/SM_Puppy_Treats/123.fbx
2022-10-12 12:26:28: LOG: Export: C:/Storage/3D/SM_Puppy_Treats/Bake/lp_Treats.fbx
2022-10-12 12:26:40: LOG: Export: C:/Storage/3D/SM_Puppy_Treats/Bake/hp_Treats.fbx
2022-10-12 12:30:48: LOG: Export: C:/Storage/3D/SM_Puppy_Treats/Bake/lp_Treats.fbx
2022-10-12 12:34:55: LOG: Export: C:/Storage/3D/SM_Puppy_Treats/Puppy_Treats.fbx
2022-10-12 12:57:34: LOG: Export: C:/Storage/3D/SM_Puppy_Treats/Bake/lp_Treats.fbx
2022-10-12 12:59:23: LOG: Export: C:/Storage/3D/SM_Puppy_Treats/Bake/lp_Treats.fbx
2022-10-12 12:59:55: LOG: Export: C:/Storage/3D/SM_Puppy_Treats/Bake/lp_Treats.fbx
2022-10-12 13:11:50: LOG: Export: C:/Storage/3D/SM_Puppy_Treats/Bake/lp_Treats.fbx
2022-10-12 13:12:10: LOG: Export: C:/Storage/3D/SM_Puppy_Treats/Puppy_Treats.fbx
2022-10-12 16:54:05: LOG: Export: C:/Storage/3D/SM_Puppy_Treats/SM_Puppy_Treats.fbx
2022-10-12 16:54:14: LOG: Export: C:/Storage/3D/SM_Puppy_Treats/SM_Puppy_Treats_shdw.fbx
2022-10-14 12:11:36: LOG: Export: C:/Storage/3D/SK_Puppy_Can/123.fbx
2022-10-18 15:56:54: LOG: Export: C:/Storage/3D/SK_Puppy_Can/bake/hp_can.fbx
2022-10-18 15:57:19: LOG: Export: C:/Storage/3D/SK_Puppy_Can/bake/lp_can.fbx
2022-10-18 15:59:46: LOG: Export: C:/Storage/3D/SK_Puppy_Can/bake/hp_can.fbx
2022-10-18 16:05:53: LOG: Export: C:/Storage/3D/SK_Puppy_Can/Puppy_Can.fbx
2022-10-18 16:50:39: LOG: Export: C:/Storage/3D/SK_Puppy_Can/SK_Puppy_Can.fbx
2022-10-18 18:02:23: LOG: Export: C:/Storage/3D/SK_Puppy_Can/SK_Puppy_Can.fbx
2022-10-18 18:04:49: LOG: Export: C:/Storage/3D/SK_Puppy_Can/SK_Puppy_Can.fbx
2022-10-18 18:43:42: LOG: Export: C:/Storage/3D/SK_Puppy_Can/SK_Puppy_Can.fbx
2022-10-18 22:45:03: LOG: Export: C:/Storage/3D/SK_Puppy_Can/SK_Puppy_Can.fbx
2022-10-18 22:48:07: LOG: Export: C:/Storage/3D/SK_Puppy_Can/SK_Puppy_Can.fbx
2022-10-18 22:50:29: LOG: Export: C:/Storage/3D/SK_Puppy_Can/SK_Puppy_Can.fbx
2022-10-18 22:50:49: LOG: Export: C:/Storage/3D/SK_Puppy_Can/SK_Puppy_Can.fbx
2022-10-18 22:51:35: LOG: Export: C:/Storage/3D/SK_Puppy_Can/SK_Puppy_Can.fbx
2022-10-18 23:01:28: LOG: Export: C:/Storage/3D/SK_Puppy_Can/SK_Puppy_Can.fbx
2022-10-19 10:43:28: LOG: Export: C:/Storage/3D/SK_Puppy_Can/bake/lp_can.fbx
2022-10-19 10:50:47: LOG: Export: C:/Storage/3D/SK_Puppy_Can/bake/lp_can.fbx
2022-10-19 10:55:17: LOG: Export: C:/Storage/3D/SK_Puppy_Can/bake/lp_can.fbx
2022-10-19 10:55:29: LOG: Export: C:/Storage/3D/SK_Puppy_Can/bake/lp_can.fbx
2022-10-19 10:55:35: LOG: Export: C:/Storage/3D/SK_Puppy_Can/bake/lp_can.fbx
2022-10-19 10:57:00: LOG: Export: C:/Storage/3D/SK_Puppy_Can/bake/lp_can.fbx
2022-10-19 10:57:42: LOG: Export: C:/Storage/3D/SK_Puppy_Can/bake/lp_can.fbx
2022-10-19 11:00:28: LOG: Export: C:/Storage/3D/SK_Puppy_Can/bake/lp_can.fbx
2022-10-19 11:07:35: LOG: Export: C:/Storage/3D/SK_Puppy_Can/bake/lp_can.fbx
2022-10-19 11:09:06: LOG: Export: C:/Storage/3D/SK_Puppy_Can/bake/lp_can.fbx
2022-10-19 11:10:46: LOG: Export: C:/Storage/3D/SK_Puppy_Can/Puppy_Can.fbx
2022-10-19 11:24:08: LOG: Export: C:/Storage/3D/SK_Puppy_Can/SK_Puppy_Can.fbx
2022-10-19 11:29:04: LOG: Export: C:/Storage/3D/SK_Puppy_Can/SK_Puppy_Can.fbx
2022-10-19 11:51:03: LOG: Export: C:/Storage/3D/SK_Puppy_Can/SK_Puppy_Can.fbx
2022-10-19 15:59:50: LOG: Export: C:/Storage/3D/SK_Puppy_Can/Puppy_Can.fbx
2022-10-19 16:00:01: LOG: Export: C:/Storage/3D/SK_Puppy_Can/Puppy_Can.fbx
2022-10-19 16:00:13: LOG: Export: C:/Storage/3D/SK_Puppy_Can/SK_Puppy_Can.fbx
2022-10-19 16:00:44: LOG: Export: C:/Storage/3D/SK_Puppy_Can/Puppy_Can.fbx
2022-10-19 16:53:43: LOG: Export: C:/Storage/3D/SK_Puppy_Can/SK_Puppy_Can.fbx
2022-10-20 15:45:00: LOG: Export: C:/Storage/3D/SM_Katherine_Protect_TreeStart/SM_Katherine_Protect_TreeStart.fbx
2022-10-20 15:46:55: LOG: Export: C:/Storage/3D/SM_Katherine_Protect_TreeStart/camera.fbx
2022-10-20 16:01:28: LOG: Export: C:/Storage/3D/SM_Katherine_Protect_TreeStart/SM_Katherine_Protect_TreeStart_leaf.fbx
2022-10-20 16:04:50: LOG: Export: C:/Storage/3D/SM_Katherine_Protect_TreeStart/plane.fbx
2022-10-20 16:24:32: LOG: Export: C:/Storage/3D/SM_Katherine_Protect_TreeStart/SM_Katherine_Protect_TreeStart_leaf.fbx
2022-10-20 16:50:29: LOG: Export: C:/Storage/3D/SM_Katherine_Protect_TreeStart/SM_Katherine_Protect_TreeStart_leaf.fbx
2022-10-20 17:01:23: LOG: Export: C:/Storage/3D/SM_Katherine_Protect_TreeStart/SM_Katherine_Protect_TreeStart_leaf.fbx
2022-10-20 17:02:39: LOG: Export: C:/Storage/3D/SM_Katherine_Protect_TreeStart/SM_Katherine_Protect_TreeStart_leaf.fbx
2022-10-20 17:02:55: LOG: Export: C:/Storage/3D/SM_Katherine_Protect_TreeStart/SM_Katherine_Protect_TreeStart_leaf.fbx
2022-10-20 17:32:38: LOG: Export: C:/Storage/3D/SM_Katherine_Protect_TreeStart/Katherine_Protect_TreeStart_Leaf.fbx
2022-10-20 17:47:18: LOG: Export: C:/Storage/3D/SM_Katherine_Protect_TreeStart/SM_Katherine_Protect_TreeStart_leaf.fbx
2022-10-20 18:27:24: LOG: Export: C:/Storage/3D/SM_Katherine_Protect_TreeStart/SM_Katherine_Protect_TreeStart.fbx
2022-10-20 19:08:26: LOG: Export: C:/Storage/3D/SM_Katherine_Protect_TreeStart/SM_Katherine_Protect_TreeStart_shdw.fbx
2022-10-21 10:56:04: LOG: Export: C:/Storage/3D/SM_Katherine_Protect_TreeStart/SM_Katherine_Protect_Tree.fbx
2022-10-21 11:08:05: LOG: Export: C:/Storage/3D/SM_Katherine_Protect_TreeStart/SM_Katherine_Protect_Tree_leaf_stage1.fbx
2022-10-21 12:12:17: LOG: Export: C:/Storage/3D/SM_Katherine_Protect_TreeStart/SM_Katherine_Protect_Tree_leaf_stage1.fbx
2022-10-21 12:18:04: LOG: Export: C:/Storage/3D/SM_Katherine_Protect_TreeStart/Katherine_Protect_Tree_Leaf1.fbx
2022-10-21 14:54:40: LOG: Export: C:/Storage/3D/SM_Katherine_Protect_TreeStart/Katherine_Protect_Tree_Leaf2.fbx
2022-10-21 15:00:50: LOG: Export: C:/Storage/3D/SM_Katherine_Protect_TreeStart/Katherine_Protect_Tree_Leaf2.fbx
2022-10-21 15:21:34: LOG: Export: C:/Storage/3D/SM_Katherine_Protect_TreeStart/Katherine_Protect_Tree_Leaf2.fbx
2022-10-21 15:31:22: LOG: Export: C:/Storage/3D/SM_Katherine_Protect_TreeStart/Katherine_Protect_Tree_Leaf3.fbx
2022-10-21 16:05:55: LOG: Export: C:/Storage/3D/SM_Katherine_Protect_TreeStart/Katherine_Protect_Tree_Leaf4.fbx
2022-10-21 16:11:17: LOG: Export: C:/Storage/3D/SM_Katherine_Protect_TreeStart/Katherine_Protect_Tree_Leaf4.fbx
2022-10-21 16:23:20: LOG: Export: C:/Storage/3D/SM_Katherine_Protect_TreeStart/Katherine_Protect_Tree_Leaf4.fbx
2022-10-21 16:23:55: LOG: Export: C:/Storage/3D/SM_Katherine_Protect_TreeStart/Katherine_Protect_Tree_Leaf4.fbx
2022-10-21 16:28:23: LOG: Export: C:/Storage/3D/SM_Katherine_Protect_TreeStart/Katherine_Protect_Tree_Leaf4.fbx
2022-10-21 16:55:20: LOG: Export: C:/Storage/3D/SM_Katherine_Protect_TreeStart/SM_Katherine_Protect_Tree_Flower.fbx
2022-10-21 17:12:27: LOG: Export: C:/Storage/3D/SM_Katherine_Protect_TreeStart/SM_Katherine_Protect_Tree_Flower.fbx
2022-10-21 17:29:02: LOG: Export: C:/Storage/3D/SM_Katherine_Protect_TreeStart/Katherine_Protect_Tree_Flower.fbx
2022-10-21 17:58:53: LOG: Export: C:/Storage/3D/SM_Katherine_Protect_TreeStart/SM_Katherine_Protect_Table.fbx
2022-10-21 17:59:37: LOG: Export: C:/Storage/3D/SM_Katherine_Protect_TreeStart/SM_Katherine_Protect_Table.fbx
2022-10-21 18:10:11: LOG: Export: C:/Storage/3D/SM_Katherine_Protect_TreeStart/SM_Katherine_Protect_Table.fbx
2022-10-24 17:04:50: LOG: Export: C:/Storage/3D/SM_Katherine_Walls_ShelvesStart/camera.fbx
2022-10-24 17:11:38: LOG: Export: C:/Users/shustov-a/Desktop/123.fbx
2022-10-25 14:40:41: LOG: Export: C:/Storage/3D/SM_Katherine_Walls_ShelvesStart/bake/lp_shelves.fbx
2022-10-25 14:41:10: LOG: Export: C:/Storage/3D/SM_Katherine_Walls_ShelvesStart/bake/hp_shelves.fbx
2022-10-25 14:47:20: LOG: Export: C:/Storage/3D/SM_Katherine_Walls_ShelvesStart/bake/lp_shelves.fbx
2022-10-25 14:50:47: LOG: Export: C:/Storage/3D/SM_Katherine_Walls_ShelvesStart/bake/hp_shelves.fbx
2022-10-25 14:51:41: LOG: Export: C:/Storage/3D/SM_Katherine_Walls_ShelvesStart/bake/hp_shelves.fbx
2022-10-25 14:52:22: LOG: Export: C:/Storage/3D/SM_Katherine_Walls_ShelvesStart/bake/lp_shelves.fbx
2022-10-25 14:55:46: LOG: Export: C:/Storage/3D/SM_Katherine_Walls_ShelvesStart/temp_pos.fbx
2022-10-25 15:36:20: LOG: Export: C:/Storage/3D/SM_Katherine_Walls_ShelvesStart/Katherine_Walls_ShelvesStart.fbx
2022-10-25 20:34:20: LOG: Export: C:/Storage/3D/SM_Katherine_Walls_ShelvesStart/SM_Katherine_Walls_ShelvesStart.fbx
2022-10-25 20:35:28: LOG: Export: C:/Storage/3D/SM_Katherine_Walls_ShelvesStart/SM_Katherine_Walls_ShelvesStart.fbx
2022-10-25 20:35:36: LOG: Export: C:/Storage/3D/SM_Katherine_Walls_ShelvesStart/SM_Katherine_Walls_ShelvesStart_shdw.fbx
2022-10-25 20:36:22: LOG: Export: C:/Storage/3D/SM_Katherine_Walls_ShelvesStart/SM_Katherine_Walls_ShelvesStart.fbx
2022-10-25 20:36:26: LOG: Export: C:/Storage/3D/SM_Katherine_Walls_ShelvesStart/SM_Katherine_Walls_ShelvesStart_shdw.fbx
2022-10-26 13:06:05: LOG: Export: C:/Storage/3D/SM_Katherine_Walls_ShelvesStart/bake/lp_shelves.fbx
2022-10-26 13:12:46: LOG: Export: C:/Storage/3D/SM_Katherine_Walls_ShelvesStart/Katherine_Walls_ShelvesStart.fbx
2022-10-26 14:26:08: LOG: Export: C:/Storage/3D/SM_Katherine_Walls_ShelvesStart/SM_Katherine_Walls_ShelvesStart.fbx
2022-10-26 14:26:13: LOG: Export: C:/Storage/3D/SM_Katherine_Walls_ShelvesStart/SM_Katherine_Walls_ShelvesStart_shdw.fbx
2022-10-26 16:24:38: LOG: Export: C:/Storage/3D/SM_Katherine_Protect_TreeStart/SM_Katherine_Protect_TreeStart.fbx
2022-10-26 17:35:18: LOG: Export: C:/Storage/3D/SM_Katherine_Protect_TreeStart/FBX/SM_Katherine_TreeStart.fbx
2022-10-26 17:35:26: LOG: Export: C:/Storage/3D/SM_Katherine_Protect_TreeStart/FBX/SM_Katherine_TreeStart_shdw.fbx
2022-10-27 16:45:12: LOG: Export: C:/Storage/3D/SM_Katherine_Walls_ShelvesStart/SM_Katherine_Walls_ShelvesStart_shdw.fbx
2022-10-27 17:04:39: LOG: Export: C:/Storage/3D/SM_Katherine_Protect_TreeStart/SM_Katherine_Protect_Table.fbx
2022-10-27 17:53:47: LOG: Export: C:/Storage/3D/SM_Katherine_Protect_TreeStart/Katherine_TableStart.fbx
2022-10-27 18:12:07: LOG: Export: C:/Storage/3D/SM_Katherine_Protect_TreeStart/SM_Katherine_Protect_Table.fbx
2022-10-27 18:14:49: LOG: Export: C:/Storage/3D/SM_Katherine_Protect_TreeStart/Katherine_TableStart.fbx
2022-10-27 18:16:09: LOG: Export: C:/Storage/3D/SM_Katherine_Protect_TreeStart/Katherine_TableStart.fbx
2022-10-27 18:49:18: LOG: Export: C:/Storage/3D/SM_Katherine_Protect_TreeStart/Katherine_TableStart.fbx
2022-10-27 18:49:27: LOG: Export: C:/Storage/3D/SM_Katherine_Protect_TreeStart/SM_Katherine_Protect_Table.fbx
2022-10-27 18:51:13: LOG: Export: C:/Storage/3D/SM_Katherine_Protect_TreeStart/Katherine_Table.fbx
2022-10-27 19:59:59: LOG: Export: C:/Storage/3D/SM_Katherine_Protect_TreeStart/Katherine_Table.fbx
2022-10-27 20:03:20: LOG: Export: C:/Storage/3D/SM_Katherine_Protect_TreeStart/SM_Katherine_Protect_Table.fbx
2022-10-28 13:02:27: LOG: Export: C:/Storage/3D/SM_Katherine_Protect_TreeStart/Kathrine_LeafsLight.fbx
2022-10-28 13:06:10: LOG: Export: C:/Storage/3D/SM_Katherine_Protect_TreeStart/Kathrine_LeafsLight.fbx
2022-10-28 13:11:32: LOG: Export: C:/Storage/3D/SM_Katherine_Protect_TreeStart/Kathrine_LeafsLight.fbx
2022-10-28 13:15:36: LOG: Export: C:/Storage/3D/SM_Katherine_Protect_TreeStart/Kathrine_LeafsLight_hp.fbx
2022-10-28 13:20:15: LOG: Export: C:/Storage/3D/SM_Katherine_Protect_TreeStart/bake/Katherine_LeafLight.fbx
2022-10-28 13:22:45: LOG: Export: C:/Storage/3D/SM_Katherine_Protect_TreeStart/bake/Katherine_LeafLight_worldSpase.fbx
2022-10-28 13:41:28: LOG: Export: C:/Storage/3D/SM_Katherine_Protect_TreeStart/FBX/SM_Katherine_TreeStart.fbx
2022-10-28 13:41:48: LOG: Export: C:/Storage/3D/SM_Katherine_Protect_TreeStart/FBX/SM_Katherine_TreeStart.fbx
2022-10-28 13:48:45: LOG: Export: C:/Storage/3D/SM_Katherine_Protect_TreeStart/FBX/SM_Katherine_TreeStart.fbx
2022-10-28 13:48:51: LOG: Export: C:/Storage/3D/SM_Katherine_Protect_TreeStart/FBX/SM_Katherine_TreeStart_shdw.fbx
2022-10-28 13:53:38: LOG: Export: C:/Storage/3D/SM_Katherine_Protect_TreeStart/FBX/SM_Katherine_Tree.fbx
2022-10-28 13:53:47: LOG: Export: C:/Storage/3D/SM_Katherine_Protect_TreeStart/FBX/SM_Katherine_Tree.fbx
2022-10-28 13:53:54: LOG: Export: C:/Storage/3D/SM_Katherine_Protect_TreeStart/FBX/SM_Katherine_Tree_shdw.fbx
2022-10-28 16:18:26: LOG: Export: C:/Storage/3D/SM_Katherine_Protect_TreeStart/FBX/SM_Katherine_Tree.fbx
2022-10-28 16:22:20: LOG: Export: C:/Storage/3D/SM_Katherine_Protect_TreeStart/FBX/SM_Katherine_Tree.fbx
2022-10-28 16:28:35: LOG: Export: C:/Storage/3D/SM_Katherine_Protect_TreeStart/bake/Katherine_LeafLight2.fbx
2022-10-28 16:29:19: LOG: Export: C:/Storage/3D/SM_Katherine_Protect_TreeStart/bake/Katherine_LeafLight2.fbx
2022-10-28 16:47:37: LOG: Export: C:/Storage/3D/SM_Katherine_Protect_TreeStart/FBX/SM_Katherine_Tree.fbx
2022-10-28 16:47:59: LOG: Export: C:/Storage/3D/SM_Katherine_Protect_TreeStart/FBX/SM_Katherine_Tree.fbx
2022-10-28 16:52:16: LOG: Export: C:/Storage/3D/SM_Katherine_Protect_TreeStart/FBX/SM_Katherine_Tree.fbx
2022-10-28 16:57:20: LOG: Export: C:/Storage/3D/SM_Katherine_Protect_TreeStart/FBX/SM_Katherine_Tree.fbx
2022-10-28 16:57:42: LOG: Export: C:/Storage/3D/SM_Katherine_Protect_TreeStart/FBX/SM_Katherine_Tree.fbx
2022-10-28 17:30:55: LOG: Export: C:/Storage/3D/SM_Katherine_Protect_TreeStart/bake/Katherine_LeafLight2.fbx
2022-10-28 18:25:16: LOG: Export: C:/Storage/3D/SM_Katherine_Protect_TreeStart/FBX/SM_Katherine_Protect_Tree.fbx
2022-10-28 18:25:28: LOG: Export: C:/Storage/3D/SM_Katherine_Protect_TreeStart/FBX/SM_Katherine_Protect_Tree_shdw.fbx
2022-10-28 18:37:47: LOG: Export: C:/Storage/3D/SM_Katherine_Protect_TreeStart/FBX/SM_Katherine_Protect_TreeStart.fbx
2022-10-28 18:37:54: LOG: Export: C:/Storage/3D/SM_Katherine_Protect_TreeStart/FBX/SM_Katherine_Protect_TreeStart_shdw.fbx
2022-10-28 19:14:10: LOG: Export: C:/Storage/3D/SM_Katherine_Protect_TreeStart/FBX/SM_Katherine_Protect_Tree.fbx
2022-10-28 19:14:18: LOG: Export: C:/Storage/3D/SM_Katherine_Protect_TreeStart/FBX/SM_Katherine_Protect_Tree_shdw.fbx
2022-11-01 20:14:27: LOG: Export: C:/Storage/3D/SM_Katherine_Protect_TreeStart/FBX/SM_Katherine_Protect_Tree.fbx
2022-11-02 20:21:57: LOG: Export: C:/Storage/3D/SM_Katherine_Lamps/bake/lp_lump.fbx
2022-11-02 20:22:06: LOG: Export: C:/Storage/3D/SM_Katherine_Lamps/bake/hp_lump.fbx
2022-11-02 20:22:51: LOG: Export: C:/Storage/3D/SM_Katherine_Lamps/bake/Katherine_Lamps.fbx
2022-11-02 20:27:32: LOG: Export: C:/Storage/3D/SM_Katherine_Lamps/bake/hp_lump.fbx
2022-11-03 16:42:45: LOG: Export: C:/Storage/3D/SM_Katherine_Lamps/SM_Katherine_Lamps.fbx
2022-11-03 16:46:27: LOG: Export: C:/Storage/3D/SM_Katherine_Lamps/SM_Katherine_Lamps.fbx
2022-11-03 16:49:55: LOG: Export: C:/Storage/3D/SM_Katherine_Lamps/SM_Katherine_Lamps.fbx
2022-11-03 16:51:11: LOG: Export: C:/Storage/3D/SM_Katherine_Lamps/SM_Katherine_Lamps.fbx
2022-11-03 17:06:48: LOG: Export: C:/Storage/3D/SM_Katherine_Lamps/Katherine_LampsLight.fbx
2022-11-03 17:21:44: LOG: Export: C:/Storage/3D/SM_Katherine_Lamps/SM_Katherine_Lamps.fbx
2022-11-03 17:22:28: LOG: Export: C:/Storage/3D/SM_Katherine_Lamps/bake/Katherine_LampsLight.fbx
2022-11-03 18:17:31: LOG: Export: C:/Storage/3D/SM_Katherine_Lamps/SM_Katherine_Lamps.fbx
2022-11-03 18:17:39: LOG: Export: C:/Storage/3D/SM_Katherine_Lamps/SM_Katherine_Lamps_shdw.fbx
2022-11-03 18:25:55: LOG: Export: C:/Storage/3D/SM_Katherine_Lamps/SM_Katherine_Lamps.fbx
2022-11-03 21:14:02: LOG: Export: C:/Storage/3D/SM_Katherine_Lamps/SM_Katherine_Lamps.fbx
2022-11-03 21:17:36: LOG: Export: C:/Storage/3D/SM_Katherine_Lamps/camera.fbx
2022-11-04 02:24:42: LOG: Export: C:/Storage/3D/SM_Katherine_Lamps/SM_Katherine_Lamps.fbx
2022-11-04 02:24:46: LOG: Export: C:/Storage/3D/SM_Katherine_Lamps/SM_Katherine_Lamps_shdw.fbx
2022-11-04 16:35:06: LOG: Export: C:/Storage/3D/SM_Katherine_Floor_FurnitureStartA/Camera.fbx
2022-11-07 12:48:46: LOG: Export: C:/Storage/3D/SM_Katherine_Lamps/SM_Katherine_Lamps.fbx
2022-11-07 12:49:18: LOG: Export: C:/Storage/3D/SM_Katherine_Lamps/bake/Katherine_Lamps.fbx
2022-11-07 12:56:22: LOG: Export: C:/Storage/3D/SM_Katherine_Lamps/SM_Katherine_Lamps.fbx
2022-11-07 14:08:20: LOG: Export: C:/Storage/3D/SM_Katherine_Lamps/bake/Katherine_Lamps.fbx
2022-11-07 14:28:36: LOG: Export: C:/Storage/3D/SM_Katherine_Lamps/SM_Katherine_Lamps.fbx
2022-11-08 11:09:31: LOG: Export: C:/Storage/3D/SM_Katherine_Floor_FurnitureStartA/bake/hp_furniture.fbx
2022-11-08 11:09:41: LOG: Export: C:/Storage/3D/SM_Katherine_Floor_FurnitureStartA/bake/lp_furniture.fbx
2022-11-08 11:14:30: LOG: Export: C:/Storage/3D/SM_Katherine_Floor_FurnitureStartA/bake/lp_furniture.fbx
2022-11-08 11:15:55: LOG: Export: C:/Storage/3D/SM_Katherine_Floor_FurnitureStartA/bake/hp_furniture.fbx
2022-11-08 11:16:26: LOG: Export: C:/Storage/3D/SM_Katherine_Floor_FurnitureStartA/bake/lp_furniture.fbx
2022-11-08 11:19:45: LOG: Export: C:/Storage/3D/SM_Katherine_Floor_FurnitureStartA/bake/Katherine_Floor_FurnitureStartA.fbx
2022-11-08 11:22:03: LOG: Export: C:/Storage/3D/SM_Katherine_Floor_FurnitureStartA/bake/lp_furniture.fbx
2022-11-08 11:22:09: LOG: Export: C:/Storage/3D/SM_Katherine_Floor_FurnitureStartA/bake/Katherine_Floor_FurnitureStartA.fbx
2022-11-08 13:30:16: LOG: Export: C:/Storage/3D/SM_Katherine_Floor_FurnitureStartA/bake/Katherine_Floor_FurnitureStartA.fbx
2022-11-08 16:54:12: LOG: Export: C:/Storage/3D/SM_Katherine_Floor_FurnitureStartA/SM_Katherine_Floor_FurnitureStartA.fbx
2022-11-08 17:56:46: LOG: Export: C:/Storage/3D/SM_Katherine_Floor_FurnitureStartA/bake/Katherine_Floor_FurnitureStartB.fbx
2022-11-08 17:59:27: LOG: Export: C:/Storage/3D/SM_Katherine_Floor_FurnitureStartA/SM_Katherine_Floor_FurnitureStartB.fbx
2022-11-08 17:59:34: LOG: Export: C:/Storage/3D/SM_Katherine_Floor_FurnitureStartA/SM_Katherine_Floor_FurnitureStartB_shdw.fbx
2022-11-10 16:34:21: LOG: Export: C:/Users/shustov-a/Desktop/123.fbx
2022-11-11 00:03:35: LOG: Export: C:/Storage/3D/SM_Katherine_RemoveTrash/Trash.fbx
2022-11-11 00:19:27: LOG: Export: C:/Storage/3D/SM_Katherine_RemoveTrash/bake/Katherine_PotLeafWood.fbx
2022-11-11 00:19:45: LOG: Export: C:/Storage/3D/SM_Katherine_RemoveTrash/bake/Katherine_LeafFall.fbx
2022-11-11 21:51:06: LOG: Export: C:/Storage/3D/SM_Katherine_RemoveTrash/Trash.fbx
2022-11-11 21:51:53: LOG: Export: C:/Storage/3D/SM_Katherine_RemoveTrash/Trash.fbx
2022-11-11 21:53:14: LOG: Export: C:/Storage/3D/SM_Katherine_RemoveTrash/Trash.fbx
2022-11-13 20:50:37: LOG: Export: C:/Storage/3D/SM_Katherine_RemoveTrash/Trash.fbx
2022-11-13 21:18:00: LOG: Export: C:/Storage/3D/SM_Katherine_RemoveTrash/bake/Katherine_LeafFall_light.fbx
2022-11-13 21:24:20: LOG: Export: C:/Storage/3D/SM_Katherine_RemoveTrash/Trash.fbx
2022-11-14 13:38:46: LOG: Export: C:/Storage/3D/SM_Katherine_RemoveTrash/puddle.fbx
2022-11-14 17:38:09: LOG: Export: C:/Storage/3D/SM_Katherine_RemoveTrash/room.fbx
2022-11-14 21:09:23: LOG: Export: C:/Storage/3D/SM_Katherine_RemoveTrash/SM_Katherine_RemoveTrash.fbx
2022-11-14 21:09:36: LOG: Export: C:/Storage/3D/SM_Katherine_RemoveTrash/SM_Katherine_RemoveTrash.fbx
2022-11-14 21:09:45: LOG: Export: C:/Storage/3D/SM_Katherine_RemoveTrash/SM_Katherine_RemoveTrash_shdw.fbx
2022-11-14 22:03:42: LOG: Export: C:/Storage/3D/SM_Katherine_RemoveTrash/SM_Katherine_RemoveTrash.fbx
2022-11-14 22:15:06: LOG: Export: C:/Storage/3D/SM_Katherine_RemoveTrash/SM_Katherine_RemoveTrash.fbx
2022-11-14 22:15:11: LOG: Export: C:/Storage/3D/SM_Katherine_RemoveTrash/SM_Katherine_RemoveTrash.fbx
2022-11-15 14:23:58: LOG: Export: C:/Storage/3D/SM_Katherine_RemoveTrash/SM_Katherine_RemoveTrash.fbx
2022-11-15 14:24:04: LOG: Export: C:/Storage/3D/SM_Katherine_RemoveTrash/SM_Katherine_RemoveTrash_shdw.fbx
2022-11-17 13:05:43: LOG: Export: C:/Storage/3D/SM_Katherine_Lamps/SM_Katherine_Lamps.fbx
2022-11-17 13:05:51: LOG: Export: C:/Storage/3D/SM_Katherine_Lamps/SM_Katherine_Lamps_shdw.fbx
2022-11-17 13:20:59: LOG: Export: G:/Shared drives/Homescapes/Graphics/!Events/Event_Makeover/3D/07_Katherine/Room/Room_Assets_ABC/Tools/SM_Katherine_Tools.fbx
2022-11-17 13:23:15: LOG: Export: G:/Shared drives/Homescapes/Graphics/!Events/Event_Makeover/3D/07_Katherine/Room/Room_Assets_ABC/Tools/SM_Katherine_Tools.fbx
2022-11-17 13:31:29: LOG: Export: G:/Shared drives/Homescapes/Graphics/!Events/Event_Makeover/3D/07_Katherine/Room/Room_Assets_ABC/Tools/SM_Katherine_Tools_shdw.fbx
2022-11-17 21:45:35: LOG: Export: G:/Shared drives/Homescapes/Graphics/!Events/Event_Makeover/3D/07_Katherine/Room/StartRoom/Room_Assets/TreeStart/SM_Katherine_Protect_TreeStart.fbx
2022-11-17 21:45:40: LOG: Export: G:/Shared drives/Homescapes/Graphics/!Events/Event_Makeover/3D/07_Katherine/Room/StartRoom/Room_Assets/TreeStart/SM_Katherine_Protect_TreeStart_shdw.fbx
2022-11-17 21:46:30: LOG: Export: G:/Shared drives/Homescapes/Graphics/!Events/Event_Makeover/3D/07_Katherine/Room/StartRoom/Room_Assets/Shelves/SM_Katherine_Walls_ShelvesStart.fbx
2022-11-17 21:46:36: LOG: Export: G:/Shared drives/Homescapes/Graphics/!Events/Event_Makeover/3D/07_Katherine/Room/StartRoom/Room_Assets/Shelves/SM_Katherine_Walls_ShelvesStart_shdw.fbx
2022-11-17 21:47:38: LOG: Export: G:/Shared drives/Homescapes/Graphics/!Events/Event_Makeover/3D/07_Katherine/Room/StartRoom/Room_Assets/RemoveTrash/SM_Katherine_RemoveTrash.fbx
2022-11-17 21:47:47: LOG: Export: G:/Shared drives/Homescapes/Graphics/!Events/Event_Makeover/3D/07_Katherine/Room/StartRoom/Room_Assets/RemoveTrash/SM_Katherine_RemoveTrash_shdw.fbx
2022-11-17 21:48:55: LOG: Export: G:/Shared drives/Homescapes/Graphics/!Events/Event_Makeover/3D/07_Katherine/Room/StartRoom/Room_Assets/FurnitureStartB/SM_Katherine_Floor_FurnitureStartB.fbx
2022-11-17 21:49:01: LOG: Export: G:/Shared drives/Homescapes/Graphics/!Events/Event_Makeover/3D/07_Katherine/Room/StartRoom/Room_Assets/FurnitureStartB/SM_Katherine_Floor_FurnitureStartB_shdw.fbx
2022-11-17 21:49:50: LOG: Export: G:/Shared drives/Homescapes/Graphics/!Events/Event_Makeover/3D/07_Katherine/Room/StartRoom/Room_Assets/FlowersStart/SM_Katherine_Windows_FlowersStart.fbx
2022-11-17 21:49:58: LOG: Export: G:/Shared drives/Homescapes/Graphics/!Events/Event_Makeover/3D/07_Katherine/Room/StartRoom/Room_Assets/FlowersStart/SM_Katherine_Windows_FlowersStart_shdw.fbx
2022-11-17 21:52:37: LOG: Export: G:/Shared drives/Homescapes/Graphics/!Events/Event_Makeover/3D/07_Katherine/Room/StartRoom/Room_Assets/FurnitureStartA/SM_Katherine_FurnitureStartA.fbx
2022-11-17 21:52:42: LOG: Export: G:/Shared drives/Homescapes/Graphics/!Events/Event_Makeover/3D/07_Katherine/Room/StartRoom/Room_Assets/FurnitureStartA/SM_Katherine_FurnitureStartA_shdw.fbx
2022-11-17 22:04:46: LOG: Export: G:/Shared drives/Homescapes/Graphics/!Events/Event_Makeover/3D/07_Katherine/Room/StartRoom/Room_Assets/FlowersStart/SM_Katherine_Windows_FlowersStart.fbx
2022-11-17 22:04:53: LOG: Export: G:/Shared drives/Homescapes/Graphics/!Events/Event_Makeover/3D/07_Katherine/Room/StartRoom/Room_Assets/FlowersStart/SM_Katherine_Windows_FlowersStart_shdw.fbx
2022-11-17 22:05:26: LOG: Export: G:/Shared drives/Homescapes/Graphics/!Events/Event_Makeover/3D/07_Katherine/Room/StartRoom/Room_Assets/FurnitureStartB/SM_Katherine_Floor_FurnitureStartB.fbx
2022-11-17 22:05:32: LOG: Export: G:/Shared drives/Homescapes/Graphics/!Events/Event_Makeover/3D/07_Katherine/Room/StartRoom/Room_Assets/FurnitureStartB/SM_Katherine_Floor_FurnitureStartB_shdw.fbx
2022-11-17 22:06:13: LOG: Export: G:/Shared drives/Homescapes/Graphics/!Events/Event_Makeover/3D/07_Katherine/Room/StartRoom/Room_Assets/RemoveTrash/SM_Katherine_RemoveTrash.fbx
2022-11-17 22:06:21: LOG: Export: G:/Shared drives/Homescapes/Graphics/!Events/Event_Makeover/3D/07_Katherine/Room/StartRoom/Room_Assets/RemoveTrash/SM_Katherine_RemoveTrash_shdw.fbx
2022-11-17 22:06:42: LOG: Export: G:/Shared drives/Homescapes/Graphics/!Events/Event_Makeover/3D/07_Katherine/Room/StartRoom/Room_Assets/Shelves/SM_Katherine_Walls_ShelvesStart.fbx
2022-11-17 22:06:48: LOG: Export: G:/Shared drives/Homescapes/Graphics/!Events/Event_Makeover/3D/07_Katherine/Room/StartRoom/Room_Assets/Shelves/SM_Katherine_Walls_ShelvesStart_shdw.fbx
2022-11-17 22:07:07: LOG: Export: G:/Shared drives/Homescapes/Graphics/!Events/Event_Makeover/3D/07_Katherine/Room/StartRoom/Room_Assets/TreeStart/SM_Katherine_Protect_TreeStart.fbx
2022-11-17 22:07:12: LOG: Export: G:/Shared drives/Homescapes/Graphics/!Events/Event_Makeover/3D/07_Katherine/Room/StartRoom/Room_Assets/TreeStart/SM_Katherine_Protect_TreeStart_shdw.fbx
2022-11-17 22:07:24: LOG: Export: G:/Shared drives/Homescapes/Graphics/!Events/Event_Makeover/3D/07_Katherine/Room/StartRoom/Room_Assets/TreeStart/SM_Katherine_Protect_TreeStart.fbx
2022-11-17 22:07:30: LOG: Export: G:/Shared drives/Homescapes/Graphics/!Events/Event_Makeover/3D/07_Katherine/Room/StartRoom/Room_Assets/TreeStart/SM_Katherine_Protect_TreeStart_shdw.fbx
2022-11-17 22:32:09: LOG: Export: G:/Shared drives/Homescapes/Graphics/!Events/Event_Makeover/3D/07_Katherine/Room/StartRoom/Room_Assets/FlowersStart/SM_Katherine_Windows_FlowersStart.fbx
2022-11-17 23:09:20: LOG: Export: G:/Shared drives/Homescapes/Graphics/!Events/Event_Makeover/3D/07_Katherine/Room/StartRoom/Room_Assets/Shelves/SM_Katherine_Walls_ShelvesStart_shdw.fbx
2022-11-17 23:14:27: LOG: Export: G:/Shared drives/Homescapes/Graphics/!Events/Event_Makeover/3D/07_Katherine/Room/StartRoom/Fbx/SM_Katherine_FloorStart.fbx
2022-11-17 23:14:39: LOG: Export: G:/Shared drives/Homescapes/Graphics/!Events/Event_Makeover/3D/07_Katherine/Room/StartRoom/Fbx/SM_Katherine_WallStart.fbx
2022-11-17 23:14:44: LOG: Export: G:/Shared drives/Homescapes/Graphics/!Events/Event_Makeover/3D/07_Katherine/Room/StartRoom/Fbx/SM_Katherine_WindowStart.fbx
2022-11-18 12:19:59: LOG: Export: G:/Shared drives/Homescapes/Graphics/!Events/Event_Makeover/3D/07_Katherine/Room/StartRoom/Room_Assets/FurnitureStartA/SM_Katherine_FurnitureStartA_shdw.fbx
2022-11-18 20:31:49: LOG: Export: C:/Storage/3D/KatherineStart/Camera.fbx
2022-11-21 16:29:41: LOG: Export: C:/Storage/3D/SK_Austin_Umbrella/123.fbx
2022-11-22 18:47:11: LOG: Export: C:/Storage/3D/SK_Austin_Umbrella/bake/lp_UmbrellaA.fbx
2022-11-22 18:47:19: LOG: Export: C:/Storage/3D/SK_Austin_Umbrella/bake/hp_UmbrellaA.fbx
2022-11-22 18:52:01: LOG: Export: C:/Storage/3D/SK_Austin_Umbrella/bake/hp_UmbrellaB.fbx
2022-11-22 18:52:11: LOG: Export: C:/Storage/3D/SK_Austin_Umbrella/bake/lp_UmbrellaB.fbx
2022-11-22 18:54:36: LOG: Export: C:/Storage/3D/SK_Austin_Umbrella/bake/hp_UmbrellaC.fbx
2022-11-22 18:54:46: LOG: Export: C:/Storage/3D/SK_Austin_Umbrella/bake/lp_UmbrellaC.fbx
2022-11-22 19:01:35: LOG: Export: C:/Storage/3D/SK_Austin_Umbrella/Austin_UmbrellaA.fbx
2022-11-22 21:22:43: LOG: Export: C:/Storage/3D/SK_Austin_Umbrella/Austin_UmbrellaA.fbx
2022-11-22 21:29:07: LOG: Export: C:/Storage/3D/SK_Austin_Umbrella/Austin_UmbrellaA.fbx
2022-11-22 22:30:16: LOG: Export: C:/Storage/3D/SK_Austin_Umbrella/Austin_UmbrellaB.fbx
2022-11-22 23:10:44: LOG: Export: C:/Storage/3D/SK_Austin_Umbrella/Austin_UmbrellaC.fbx
2022-11-23 00:07:51: LOG: Export: C:/Storage/3D/SK_Austin_Umbrella/Austin_UmbrellaC.fbx
2022-11-23 00:38:19: LOG: Export: C:/Storage/3D/SK_Austin_Umbrella/SK_Austin_UmbrellaA.fbx
2022-11-23 00:38:30: LOG: Export: C:/Storage/3D/SK_Austin_Umbrella/SK_Austin_UmbrellaB.fbx
2022-11-23 00:38:37: LOG: Export: C:/Storage/3D/SK_Austin_Umbrella/SK_Austin_UmbrellaC.fbx
2022-11-23 15:41:05: LOG: Export: C:/Storage/3D/SK_Austin_Umbrella/SK_Austin_UmbrellaABC.fbx
2022-11-23 15:41:16: LOG: Export: C:/Storage/3D/SK_Austin_Umbrella/SK_Austin_UmbrellaA.fbx
2022-11-23 15:41:20: LOG: Export: C:/Storage/3D/SK_Austin_Umbrella/SK_Austin_UmbrellaB.fbx
2022-11-23 15:41:24: LOG: Export: C:/Storage/3D/SK_Austin_Umbrella/SK_Austin_UmbrellaC.fbx
2022-11-23 16:28:19: LOG: Export: C:/Storage/3D/SK_Austin_Umbrella/SK_Austin_UmbrellaC.fbx
2022-11-23 18:56:01: LOG: Export: C:/Storage/3D/SK_Austin_Umbrella/SK_Austin_UmbrellaC.fbx
2022-11-23 18:56:05: LOG: Export: C:/Storage/3D/SK_Austin_Umbrella/SK_Austin_UmbrellaB.fbx
2022-11-23 18:56:10: LOG: Export: C:/Storage/3D/SK_Austin_Umbrella/SK_Austin_UmbrellaA.fbx
2022-11-23 18:56:14: LOG: Export: C:/Storage/3D/SK_Austin_Umbrella/SK_Austin_UmbrellaABC.fbx
2022-11-24 17:32:51: LOG: Export: C:/Storage/3D/SK_Austin_Umbrella/SK_Austin_UmbrellaABC.fbx
2022-11-24 17:32:56: LOG: Export: C:/Storage/3D/SK_Austin_Umbrella/SK_Austin_UmbrellaA.fbx
2022-11-24 17:33:02: LOG: Export: C:/Storage/3D/SK_Austin_Umbrella/SK_Austin_UmbrellaB.fbx
2022-11-24 17:33:06: LOG: Export: C:/Storage/3D/SK_Austin_Umbrella/SK_Austin_UmbrellaC.fbx
2022-11-24 18:14:42: LOG: Export: C:/Storage/3D/SK_Austin_Umbrella/Austin_UmbrellaC.fbx
2022-11-25 17:22:24: LOG: Export: G:/Shared drives/Homescapes/Graphics/!Events/Event_Makeover/3D/07_Katherine/Character/Models_and_textures/Accessories/GardeningTools/SK_Katherine_GardeningToolsABC_fork.fbx
2022-11-25 17:22:29: LOG: Export: G:/Shared drives/Homescapes/Graphics/!Events/Event_Makeover/3D/07_Katherine/Character/Models_and_textures/Accessories/GardeningTools/SK_Katherine_GardeningToolsABC_shovel.fbx
2022-11-26 14:01:26: LOG: Export: C:/Storage/3D/SK_Austin_Watch/bake/hp_WatchA.fbx
2022-11-26 14:01:38: LOG: Export: C:/Storage/3D/SK_Austin_Watch/bake/lp_WatchA.fbx
2022-11-26 14:04:23: LOG: Export: C:/Storage/3D/SK_Austin_Watch/bake/lp_WatchA.fbx
2022-11-26 14:05:08: LOG: Export: C:/Storage/3D/SK_Austin_Watch/bake/lp_WatchA.fbx
2022-11-26 14:06:31: LOG: Export: C:/Storage/3D/SK_Austin_Watch/bake/lp_WatchA.fbx
2022-11-26 14:53:37: LOG: Export: C:/Storage/3D/SK_Austin_Watch/bake/hp_WatchB.fbx
2022-11-26 14:53:58: LOG: Export: C:/Storage/3D/SK_Austin_Watch/bake/lp_WatchB.fbx
2022-11-26 14:56:09: LOG: Export: C:/Storage/3D/SK_Austin_Watch/bake/hp_WatchB.fbx
2022-11-26 14:56:18: LOG: Export: C:/Storage/3D/SK_Austin_Watch/bake/lp_WatchB.fbx
2022-11-26 15:01:57: LOG: Export: C:/Storage/3D/SK_Austin_Watch/bake/lp_WatchB.fbx
2022-11-26 15:02:05: LOG: Export: C:/Storage/3D/SK_Austin_Watch/bake/hp_WatchB.fbx
2022-11-26 15:02:39: LOG: Export: C:/Storage/3D/SK_Austin_Watch/bake/lp_WatchB.fbx
2022-11-26 15:02:45: LOG: Export: C:/Storage/3D/SK_Austin_Watch/bake/hp_WatchB.fbx
2022-11-26 15:22:21: LOG: Export: C:/Storage/3D/SK_Austin_Watch/bake/lp_WatchC.fbx
2022-11-26 15:22:38: LOG: Export: C:/Storage/3D/SK_Austin_Watch/bake/hp_WatchC.fbx
2022-11-26 15:40:15: LOG: Export: C:/Storage/3D/SK_Austin_Watch/bake/lp_WatchC.fbx
2022-11-27 19:58:20: LOG: Export: C:/Storage/3D/SK_Austin_Watch/Austin_WatchA.fbx
2022-11-27 23:00:46: LOG: Export: C:/Storage/3D/SK_Austin_Watch/Austin_WatchB.fbx
2022-11-27 23:09:16: LOG: Export: C:/Storage/3D/SK_Austin_Watch/Austin_WatchB.fbx
2022-11-27 23:13:00: LOG: Export: C:/Storage/3D/SK_Austin_Watch/bake/lp_WatchB.fbx
2022-11-28 00:54:44: LOG: Export: C:/Storage/3D/SK_Austin_Watch/Austin_WatchC.fbx
2022-11-28 02:10:38: LOG: Export: C:/Storage/3D/SK_Austin_Watch/Austin_WatchC.fbx
2022-11-28 03:23:56: LOG: Export: C:/Storage/3D/SK_Austin_Watch/SK_Austin_WatchA.fbx
2022-11-28 03:24:02: LOG: Export: C:/Storage/3D/SK_Austin_Watch/SK_Austin_WatchB.fbx
2022-11-28 03:24:09: LOG: Export: C:/Storage/3D/SK_Austin_Watch/SK_Austin_WatchC.fbx
2022-11-28 03:24:24: LOG: Export: C:/Storage/3D/SK_Austin_Watch/AustinHand.fbx
2022-11-28 03:24:24: LOG: [WARNING] Unable to export some material(s) - The plug-in does not support the following material types:
 Material aiFlat2 will be exported as a grey Lambert material.
2022-11-28 03:50:34: LOG: Export: C:/Storage/3D/SK_Austin_Watch/Austin_WatchA.fbx
2022-11-28 03:50:39: LOG: Export: C:/Storage/3D/SK_Austin_Watch/SK_Austin_WatchB.fbx
2022-11-28 03:50:43: LOG: Export: C:/Storage/3D/SK_Austin_Watch/SK_Austin_WatchC.fbx
2022-11-28 03:54:00: LOG: Export: C:/Storage/3D/SK_Austin_Watch/SK_Austin_WatchA.fbx
2022-11-28 17:09:07: LOG: Export: C:/Storage/3D/SK_Austin_Watch/SK_Austin_WatchA.fbx
2022-11-28 17:09:11: LOG: Export: C:/Storage/3D/SK_Austin_Watch/SK_Austin_WatchB.fbx
2022-11-28 17:09:16: LOG: Export: C:/Storage/3D/SK_Austin_Watch/SK_Austin_WatchC.fbx
2022-11-28 18:11:55: LOG: Export: C:/Storage/3D/SK_Austin_Watch/SK_Austin_WatchA.fbx
2022-11-28 18:11:59: LOG: Export: C:/Storage/3D/SK_Austin_Watch/SK_Austin_WatchB.fbx
2022-11-28 18:12:04: LOG: Export: C:/Storage/3D/SK_Austin_Watch/SK_Austin_WatchC.fbx
2022-11-28 18:13:51: LOG: Export: C:/Storage/3D/SK_Austin_Watch/SK_Austin_WatchC.fbx
2022-11-30 17:37:20: LOG: Export: C:/Storage/3D/SK_Austin_Shoes/bake/hp_shoseA.fbx
2022-11-30 17:37:29: LOG: Export: C:/Storage/3D/SK_Austin_Shoes/bake/lp_shoseA.fbx
2022-11-30 18:06:09: LOG: Export: C:/Storage/3D/SK_Austin_Shoes/bake/hp_shoseB.fbx
2022-11-30 18:06:20: LOG: Export: C:/Storage/3D/SK_Austin_Shoes/bake/lp_shoseB.fbx
2022-11-30 18:13:04: LOG: Export: C:/Storage/3D/SK_Austin_Shoes/bake/hp_shoseC.fbx
2022-11-30 18:13:13: LOG: Export: C:/Storage/3D/SK_Austin_Shoes/bake/lp_shoseC.fbx
2022-11-30 18:36:23: LOG: Export: C:/Storage/3D/SK_Austin_Shoes/Austin_ShoesA.fbx
2022-11-30 19:45:04: LOG: Export: C:/Storage/3D/SK_Austin_Shoes/SK_Austin_ShoesA.fbx
2022-11-30 19:58:03: LOG: Export: C:/Storage/3D/SK_Austin_Shoes/Austin_ShoesB.fbx
2022-11-30 20:39:28: LOG: Export: C:/Storage/3D/SK_Austin_Shoes/SK_Austin_ShoesB.fbx
2022-11-30 22:40:12: LOG: Export: C:/Storage/3D/SK_Austin_Shoes/Austin_ShoesС.fbx
2022-11-30 22:55:47: LOG: Export: C:/Storage/3D/SK_Austin_Shoes/SK_Austin_ShoesC.fbx
2022-11-30 22:59:12: LOG: Export: C:/Storage/3D/SK_Austin_Shoes/SK_Austin_ShoesA.fbx
2022-11-30 22:59:16: LOG: Export: C:/Storage/3D/SK_Austin_Shoes/SK_Austin_ShoesB.fbx
2022-11-30 22:59:22: LOG: Export: C:/Storage/3D/SK_Austin_Shoes/SK_Austin_ShoesC.fbx
2022-12-01 13:53:50: LOG: Export: C:/Storage/3D/SK_Austin_Shoes/SK_Austin_ShoesA.fbx
2022-12-01 13:53:55: LOG: Export: C:/Storage/3D/SK_Austin_Shoes/SK_Austin_ShoesB.fbx
2022-12-01 13:54:07: LOG: Export: C:/Storage/3D/SK_Austin_Shoes/SK_Austin_ShoesC.fbx
2022-12-01 13:54:12: LOG: Export: C:/Storage/3D/SK_Austin_Shoes/SK_Austin_ShoesC.fbx
2022-12-01 14:52:44: LOG: Export: /SM_Katherine_Windows_Leaf.fbx
2022-12-01 14:54:44: LOG: Export: C:/Storage/SM_Katherine_Windows_Leaf.fbx
2022-12-02 21:29:10: LOG: Export: C:/Storage/3D/SK_Austin_TrousersABC/123.fbx
2022-12-05 18:11:46: LOG: Export: C:/Storage/3D/SK_Austin_TrousersABC/123.fbx
2022-12-06 15:14:58: LOG: Export: C:/Storage/3D/SK_Austin_TrousersABC/bake/lp_TrousersABC.fbx
2022-12-06 15:15:08: LOG: Export: C:/Storage/3D/SK_Austin_TrousersABC/bake/hp_TrousersABC.fbx
2022-12-06 15:23:21: LOG: Export: C:/Storage/3D/SK_Austin_TrousersABC/bake/hp_TrousersABC.fbx
2022-12-06 15:23:34: LOG: Export: C:/Storage/3D/SK_Austin_TrousersABC/bake/lp_TrousersABC.fbx
2022-12-06 15:27:11: LOG: Export: C:/Storage/3D/SK_Austin_TrousersABC/bake/lp_TrousersABC.fbx
2022-12-06 15:28:52: LOG: Export: C:/Storage/3D/SK_Austin_TrousersABC/Austin_TrousersA.fbx
2022-12-06 15:32:17: LOG: Export: C:/Storage/3D/SK_Austin_TrousersABC/bake/lp_TrousersABC.fbx
2022-12-06 15:32:24: LOG: Export: C:/Storage/3D/SK_Austin_TrousersABC/Austin_TrousersA.fbx
2022-12-06 15:38:41: LOG: Export: C:/Storage/3D/SK_Austin_TrousersABC/Austin_TrousersA.fbx
2022-12-06 15:41:03: LOG: Export: C:/Storage/3D/SK_Austin_TrousersABC/bake/lp_TrousersABC.fbx
2022-12-06 15:41:23: LOG: Export: C:/Storage/3D/SK_Austin_TrousersABC/Austin_TrousersA.fbx
2022-12-06 19:34:20: LOG: Export: C:/Storage/3D/SK_Austin_TrousersABC/Austin_TrousersB.fbx
2022-12-06 19:41:47: LOG: Export: C:/Storage/3D/SK_Austin_TrousersABC/Austin_TrousersC.fbx
2022-12-06 20:01:05: LOG: Export: C:/Storage/3D/SK_Austin_TrousersABC/SK_Austin_TrousersABC.fbx
2022-12-07 16:40:09: LOG: Export: C:/Storage/3D/SK_Austin_TrousersABC/SK_Austin_TrousersABC.fbx
2022-12-07 21:57:14: LOG: Export: C:/Storage/3D/SK_Austin_Belt/A.fbx
2022-12-07 21:57:21: LOG: Export: C:/Storage/3D/SK_Austin_Belt/B.fbx
2022-12-07 21:57:29: LOG: Export: C:/Storage/3D/SK_Austin_Belt/C.fbx
2022-12-08 19:36:50: LOG: Export: C:/Storage/3D/SK_Austin_Belt/123.fbx
2022-12-08 19:49:10: LOG: Export: C:/Storage/3D/SK_Austin_Belt/123.fbx
2022-12-08 19:57:31: LOG: Export: C:/Storage/3D/SK_Austin_TrousersABC/SK_Austin_TrousersABC.fbx
2022-12-09 11:38:55: LOG: Export: C:/Storage/3D/SK_Austin_Belt/bake/hp_beltA.fbx
2022-12-09 11:39:02: LOG: Export: C:/Storage/3D/SK_Austin_Belt/bake/lp_beltA.fbx
2022-12-09 11:41:56: LOG: Export: C:/Storage/3D/SK_Austin_Belt/bake/lp_beltA.fbx
2022-12-09 11:47:14: LOG: Export: C:/Storage/3D/SK_Austin_Belt/bake/lp_beltB.fbx
2022-12-09 11:47:49: LOG: Export: C:/Storage/3D/SK_Austin_Belt/bake/hp_beltB.fbx
2022-12-09 11:51:25: LOG: Export: C:/Storage/3D/SK_Austin_Belt/bake/lp_beltC.fbx
2022-12-09 11:51:34: LOG: Export: C:/Storage/3D/SK_Austin_Belt/bake/hp_beltC.fbx
2022-12-09 11:57:10: LOG: Export: C:/Storage/3D/SK_Austin_Belt/Austin_BeltA.fbx
2022-12-09 13:14:49: LOG: Export: C:/Storage/3D/SK_Austin_Belt/Austin_BeltB.fbx
2022-12-09 13:43:37: LOG: Export: C:/Storage/3D/SK_Austin_Belt/bake/lp_beltB.fbx
2022-12-09 13:45:04: LOG: Export: C:/Storage/3D/SK_Austin_Belt/bake/lp_beltB.fbx
2022-12-09 13:46:58: LOG: Export: C:/Storage/3D/SK_Austin_Belt/bake/lp_beltB.fbx
2022-12-09 13:51:05: LOG: Export: C:/Storage/3D/SK_Austin_Belt/bake/lp_beltB.fbx
2022-12-09 13:58:33: LOG: Export: C:/Storage/3D/SK_Austin_Belt/Austin_BeltC.fbx
2022-12-09 14:50:28: LOG: Export: C:/Storage/3D/SK_Austin_Belt/Austin_BeltA.fbx
2022-12-09 14:50:54: LOG: Export: C:/Storage/3D/SK_Austin_Belt/Austin_BeltA.fbx
2022-12-09 15:11:30: LOG: Export: C:/Storage/3D/SK_Austin_Belt/SK_Austin_BeltA.fbx
2022-12-09 15:11:37: LOG: Export: C:/Storage/3D/SK_Austin_Belt/SK_Austin_BeltB.fbx
2022-12-09 15:11:43: LOG: Export: C:/Storage/3D/SK_Austin_Belt/SK_Austin_BeltC.fbx
2022-12-12 14:51:57: LOG: Export: C:/Storage/3D/SM_Austin_PoufCarpet/Austin_PoufCarpet.fbx
2022-12-12 14:52:31: LOG: Export: C:/Storage/3D/SM_Austin_PoufCarpet/Austin_PoufCarpet.fbx
2022-12-12 14:52:42: LOG: Export: C:/Storage/3D/SM_Austin_PoufCarpet/HP_Austin_PoufCarpet.fbx
2022-12-12 14:57:39: LOG: Export: C:/Storage/3D/SM_Austin_PoufCarpet/Austin_PoufCarpet.fbx
2022-12-12 14:58:22: LOG: Export: C:/Storage/3D/SM_Austin_PoufCarpet/Austin_PoufCarpet.fbx
2022-12-12 14:59:54: LOG: Export: C:/Storage/3D/SM_Austin_PoufCarpet/Austin_PoufCarpet.fbx
2022-12-12 15:09:45: LOG: Export: C:/Storage/3D/SM_Austin_PoufCarpet/Austin_PoufCarpet.fbx
2022-12-12 16:33:01: LOG: Export: C:/Storage/3D/SM_Austin_PoufCarpet/Austin_PoufCarpet.fbx
2022-12-13 15:34:18: LOG: Export: C:/Storage/3D/SM_Austin_PoufCarpet/Austin_PoufCarpet.fbx
2022-12-13 15:40:54: LOG: Export: C:/Storage/3D/SM_Austin_PoufCarpet/Austin_PoufCarpet.fbx
2022-12-13 17:34:24: LOG: Export: C:/Storage/3D/SM_Austin_PoufCarpet/Austin_PoufCarpet.fbx
2022-12-13 18:17:11: LOG: Export: C:/Storage/3D/SM_Austin_PoufCarpet/SM_Austin_PoufCarpet.fbx
2022-12-14 12:35:30: LOG: Export: C:/Storage/3D/SM_Austin_PoufCarpet/SM_Austin_PoufCarpet_shdw.fbx
2022-12-14 12:44:15: LOG: Export: C:/Storage/3D/SM_Austin_PoufCarpet/SM_Austin_PoufCarpet_shdw.fbx
2022-12-14 12:56:12: LOG: Export: C:/Storage/3D/SM_Austin_PoufCarpet/Austin_Carpet_light.fbx
2022-12-14 13:00:28: LOG: Export: C:/Storage/3D/SM_Austin_PoufCarpet/SM_Austin_PoufCarpet.fbx
2022-12-14 13:00:33: LOG: Export: C:/Storage/3D/SM_Austin_PoufCarpet/SM_Austin_PoufCarpet_shdw.fbx
2022-12-14 13:20:57: LOG: Export: C:/Storage/3D/SM_Austin_PoufCarpet/SM_Austin_PoufCarpet.fbx
2022-12-14 13:21:02: LOG: Export: C:/Storage/3D/SM_Austin_PoufCarpet/SM_Austin_PoufCarpet_shdw.fbx
2022-12-16 15:49:54: LOG: Export: C:/Storage/3D/SM_Austin_PoufCarpet/SM_Austin_PoufCarpet.fbx
2022-12-16 15:50:00: LOG: Export: C:/Storage/3D/SM_Austin_PoufCarpet/SM_Austin_PoufCarpet_shdw.fbx
2022-12-20 11:15:55: LOG: Export: C:/Storage/3D/SM_Austin_Table/Bake/Lp_table.fbx
2022-12-20 11:16:05: LOG: Export: C:/Storage/3D/SM_Austin_Table/Bake/Hp_table.fbx
2022-12-20 11:19:32: LOG: Export: C:/Storage/3D/SM_Austin_Table/Bake/Lp_table.fbx
2022-12-20 11:26:46: LOG: Export: C:/Storage/3D/SM_Austin_Table/Bake/Lp_table.fbx
2022-12-20 11:26:52: LOG: Export: C:/Storage/3D/SM_Austin_Table/Bake/Hp_table.fbx
2022-12-20 11:35:50: LOG: Export: C:/Storage/3D/SM_Austin_Table/Bake/Lp_lamp.fbx
2022-12-20 11:35:58: LOG: Export: C:/Storage/3D/SM_Austin_Table/Bake/Hp_lamp.fbx
2022-12-20 11:38:17: LOG: Export: C:/Storage/3D/SM_Austin_Table/Bake/Lp_lamp.fbx
2022-12-20 11:57:49: LOG: Export: C:/Storage/3D/SM_Austin_Table/Bake/Lp_plant.fbx
2022-12-20 11:57:56: LOG: Export: C:/Storage/3D/SM_Austin_Table/Bake/Hp_plant.fbx
2022-12-20 12:00:24: LOG: Export: C:/Storage/3D/SM_Austin_Table/Bake/Lp_plant.fbx
2022-12-20 12:01:01: LOG: Export: C:/Storage/3D/SM_Austin_Table/Bake/Lp_plant.fbx
2022-12-20 12:04:38: LOG: Export: C:/Storage/3D/SM_Austin_Table/Bake/Lp_lamp.fbx
2022-12-20 12:27:18: LOG: Export: C:/Storage/3D/SM_Austin_Table/Austin_Table.fbx
2022-12-20 13:29:12: LOG: Export: C:/Storage/3D/SM_Austin_Table/Austin_Table.fbx
2022-12-20 13:31:31: LOG: Export: C:/Storage/3D/SM_Austin_Table/Austin_Table.fbx
2022-12-20 13:33:19: LOG: Export: C:/Storage/3D/SM_Austin_Table/Austin_Table.fbx
2022-12-20 16:39:33: LOG: Export: C:/Storage/3D/SM_Austin_Table/Austin_Lamp.fbx
2022-12-20 17:21:36: LOG: Export: C:/Storage/3D/SM_Austin_Table/Austin_Lamp.fbx
2022-12-20 18:39:10: LOG: Export: C:/Storage/3D/SM_Austin_Table/Austin_Plant.fbx
2022-12-20 19:41:21: LOG: Export: C:/Storage/3D/SM_Austin_Table/SM_Austin_Table.fbx
2022-12-20 19:41:29: LOG: Export: C:/Storage/3D/SM_Austin_Table/SM_Austin_Table_shdw.fbx
2022-12-20 21:11:15: LOG: Export: C:/Storage/3D/SM_Austin_Table/SM_Austin_Table.fbx
2022-12-20 21:11:20: LOG: Export: C:/Storage/3D/SM_Austin_Table/SM_Austin_Table_shdw.fbx
2022-12-21 11:16:45: LOG: Export: C:/Storage/3D/SM_Austin_Table/SM_Austin_Table.fbx
2022-12-21 11:44:09: LOG: Export: C:/Storage/3D/SM_Austin_Table/SM_Austin_Table.fbx
2022-12-21 11:44:14: LOG: Export: C:/Storage/3D/SM_Austin_Table/SM_Austin_Table_shdw.fbx
2022-12-21 16:14:02: LOG: Export: C:/Storage/3D/SM_Austin_ArmChair/Austin_Armchair.fbx
2022-12-21 16:51:45: LOG: Export: C:/Storage/3D/SM_Austin_ArmChair/Austin_Armchair.fbx
2022-12-21 19:32:39: LOG: Export: C:/Storage/3D/SM_Austin_ArmChair/SM_Austin_Armchair.fbx
2022-12-21 19:32:47: LOG: Export: C:/Storage/3D/SM_Austin_ArmChair/SM_Austin_Armchair_shdw.fbx
2022-12-23 10:51:21: LOG: Export: C:/Storage/3D/SM_Austin_Lamp/bake/hp_suitcase.fbx
2022-12-23 10:51:59: LOG: Export: C:/Storage/3D/SM_Austin_Lamp/bake/hp_suitcase.fbx
2022-12-23 10:52:12: LOG: Export: C:/Storage/3D/SM_Austin_Lamp/bake/lp_suitcase.fbx
2022-12-23 10:56:29: LOG: Export: C:/Storage/3D/SM_Austin_Lamp/bake/hp_suitcase.fbx
2022-12-23 10:56:41: LOG: Export: C:/Storage/3D/SM_Austin_Lamp/bake/lp_suitcase.fbx
2022-12-23 21:38:55: LOG: Export: C:/Storage/3D/SM_Austin_Lamp/Austin_Lamp.fbx
2022-12-25 15:34:29: LOG: Export: C:/Storage/3D/SM_Austin_Lamp/bake/lp_suitcase.fbx
2022-12-25 15:34:33: LOG: Export: C:/Storage/3D/SM_Austin_Lamp/bake/hp_suitcase.fbx
2022-12-25 15:43:59: LOG: Export: C:/Storage/3D/SM_Austin_Lamp/Austin_Lamp.fbx
2022-12-25 15:57:25: LOG: Export: C:/Storage/3D/SM_Austin_Lamp/Austin_Lamp.fbx
2022-12-25 16:18:30: LOG: Export: C:/Storage/3D/SM_Austin_Lamp/Austin_Lamp.fbx
2022-12-25 17:42:57: LOG: Export: C:/Storage/3D/SM_Austin_Lamp/Austin_Lamp.fbx
2022-12-25 17:45:37: LOG: Export: C:/Storage/3D/SM_Austin_Lamp/Austin_Lamp.fbx
2022-12-25 17:46:39: LOG: Export: C:/Storage/3D/SM_Austin_Lamp/Austin_Lamp.fbx
2022-12-25 17:50:07: LOG: Export: C:/Storage/3D/SM_Austin_Lamp/Austin_Lamp.fbx
2022-12-25 21:51:30: LOG: Export: C:/Storage/3D/SM_Austin_Lamp/SM_Austin_Lamp.fbx
2022-12-25 21:51:37: LOG: Export: C:/Storage/3D/SM_Austin_Lamp/SM_Austin_Lamp_shdw.fbx
2022-12-25 22:16:03: LOG: Export: C:/Storage/3D/SM_Austin_Lamp/SM_Austin_Lamp.fbx
2022-12-25 22:16:08: LOG: Export: C:/Storage/3D/SM_Austin_Lamp/SM_Austin_Lamp_shdw.fbx
2022-12-26 14:18:55: LOG: Export: C:/Storage/3D/SM_Austin_ArmChair/SM_Austin_Armchair.fbx
2022-12-26 14:19:01: LOG: Export: C:/Storage/3D/SM_Austin_ArmChair/SM_Austin_Armchair_shdw.fbx
2022-12-26 20:25:10: LOG: Export: C:/Storage/3D/SM_Austin_Lamp/SM_Austin_Lamp.fbx
2022-12-26 20:25:15: LOG: Export: C:/Storage/3D/SM_Austin_Lamp/SM_Austin_Lamp_shdw.fbx
2022-12-26 21:55:22: LOG: Export: C:/Storage/3D/SM_Austin_TeaCase/bake/lp_TeaCase.fbx
2022-12-26 21:56:42: LOG: Export: C:/Storage/3D/SM_Austin_TeaCase/bake/hp_TeaCase.fbx
2022-12-27 12:16:58: LOG: Export: C:/Users/shustov-a/Desktop/123.fbx
2022-12-27 12:31:13: LOG: Export: C:/Users/shustov-a/Desktop/123.fbx
2022-12-27 12:58:23: LOG: Export: C:/Storage/3D/SM_Austin_TeaCase/Austin_TeaCase.fbx
2022-12-27 15:07:53: LOG: Export: C:/Storage/3D/SM_Austin_TeaCase/ЫЬ_Austin_TeaCase.fbx
2022-12-27 15:08:08: LOG: Export: C:/Storage/3D/SM_Austin_TeaCase/SM_Austin_TeaCase.fbx
2022-12-27 15:08:17: LOG: Export: C:/Storage/3D/SM_Austin_TeaCase/SM_Austin_TeaCase_shdw.fbx
2022-12-27 15:19:55: LOG: Export: C:/Storage/3D/SM_Austin_TeaCase/SM_Austin_TeaCase.fbx
2022-12-27 15:20:00: LOG: Export: C:/Storage/3D/SM_Austin_TeaCase/SM_Austin_TeaCase_shdw.fbx
2022-12-28 15:27:09: LOG: Export: C:/Storage/3D/SK_Austin_Hat/123.fbx
2022-12-28 15:27:25: LOG: Export: C:/Storage/3D/SK_Austin_Hat/123.fbx
2022-12-28 18:02:47: LOG: Export: C:/Storage/3D/SK_Austin_Hat/HP_A.fbx
2022-12-28 18:02:54: LOG: Export: C:/Storage/3D/SK_Austin_Hat/HP_B.fbx
2022-12-28 18:03:18: LOG: Export: C:/Storage/3D/SK_Austin_Hat/HP_B.fbx
2022-12-28 18:03:26: LOG: Export: C:/Storage/3D/SK_Austin_Hat/HP_C.fbx
2022-12-28 18:04:42: LOG: Export: C:/Storage/3D/SK_Austin_Hat/HP_B.fbx
2022-12-28 18:07:06: LOG: Export: C:/Storage/3D/SK_Austin_Hat/321.fbx
2022-12-28 18:15:21: LOG: Export: C:/Storage/3D/SK_Austin_Hat/HP_B.fbx
2022-12-29 13:29:22: LOG: Export: C:/Storage/3D/SK_Austin_Hat/123.fbx
2022-12-29 18:03:37: LOG: Export: C:/Storage/3D/SK_Austin_Hat/bake/lp_hatA.fbx
2022-12-29 18:03:45: LOG: Export: C:/Storage/3D/SK_Austin_Hat/bake/hp_hatA.fbx
2022-12-29 18:19:36: LOG: Export: C:/Storage/3D/SK_Austin_Hat/bake/lp_hatB.fbx
2022-12-29 18:19:43: LOG: Export: C:/Storage/3D/SK_Austin_Hat/bake/hp_hatB.fbx
2022-12-29 18:21:52: LOG: Export: C:/Storage/3D/SK_Austin_Hat/bake/lp_hatC.fbx
2022-12-29 18:22:00: LOG: Export: C:/Storage/3D/SK_Austin_Hat/bake/hp_hatC.fbx
2022-12-29 18:26:49: LOG: Export: C:/Storage/3D/SK_Austin_Hat/Austin_HatA.fbx
2022-12-29 19:03:01: LOG: Export: C:/Storage/3D/SK_Austin_Hat/SK_Austin_HatA.fbx
2022-12-29 19:23:36: LOG: Export: C:/Storage/3D/SK_Austin_Hat/Austin_HatB.fbx
2022-12-29 19:46:20: LOG: Export: C:/Storage/3D/SK_Austin_Hat/SK_Austin_HatB.fbx
2022-12-29 19:48:50: LOG: Export: C:/Storage/3D/SK_Austin_Hat/Austin_HatC.fbx
2022-12-29 20:25:45: LOG: Export: C:/Storage/3D/SK_Austin_Hat/SK_Austin_HatC.fbx
2022-12-29 20:29:20: LOG: Export: C:/Storage/3D/SK_Austin_Hat/SK_Austin_HatA.fbx
2022-12-29 20:29:24: LOG: Export: C:/Storage/3D/SK_Austin_Hat/SK_Austin_HatB.fbx
2022-12-29 20:29:28: LOG: Export: C:/Storage/3D/SK_Austin_Hat/SK_Austin_HatC.fbx
2022-12-29 20:49:25: LOG: Export: C:/Storage/3D/SK_Austin_Hat/SK_Austin_HatC.fbx
2022-12-30 12:38:06: LOG: Export: C:/Storage/3D/SK_Austin_Hat/SK_Austin_HatA.fbx
2022-12-30 12:38:10: LOG: Export: C:/Storage/3D/SK_Austin_Hat/SK_Austin_HatB.fbx
2022-12-30 12:38:14: LOG: Export: C:/Storage/3D/SK_Austin_Hat/SK_Austin_HatC.fbx
2022-12-30 12:48:06: LOG: Export: C:/Storage/3D/SK_Austin_Hat/SK_Austin_HatA.fbx
2022-12-30 12:48:09: LOG: Export: C:/Storage/3D/SK_Austin_Hat/SK_Austin_HatB.fbx
2022-12-30 12:48:13: LOG: Export: C:/Storage/3D/SK_Austin_Hat/SK_Austin_HatC.fbx
2023-01-09 14:06:52: LOG: Export: C:/Storage/3D/SM_Austin_Lamp/Austin_Lamp.fbx
2023-01-09 20:05:43: LOG: Export: C:/Storage/3D/SM_Austin_Lamp/SM_Austin_Lamp.fbx
2023-01-09 20:05:48: LOG: Export: C:/Storage/3D/SM_Austin_Lamp/SM_Austin_Lamp_shdw.fbx
2023-01-09 21:04:36: LOG: Export: C:/Storage/3D/SM_Austin_TeaCase/Austin_TeaCase.fbx
2023-01-09 21:05:17: LOG: Export: C:/Storage/3D/SM_Austin_TeaCase/Austin_TeaCase.fbx
2023-01-09 21:06:00: LOG: Export: C:/Storage/3D/SM_Austin_TeaCase/Austin_TeaCase.fbx
2023-01-09 21:16:53: LOG: Export: C:/Storage/3D/SM_Austin_TeaCase/SM_Austin_TeaCase.fbx
2023-01-09 21:17:01: LOG: Export: C:/Storage/3D/SM_Austin_TeaCase/SM_Austin_TeaCase_shdw.fbx
2023-01-09 21:25:24: LOG: Export: C:/Storage/3D/SM_Austin_TeaCase/SM_Austin_TeaCase.fbx
2023-01-09 21:25:28: LOG: Export: C:/Storage/3D/SM_Austin_TeaCase/SM_Austin_TeaCase_shdw.fbx
2023-01-09 22:10:51: LOG: Export: C:/Storage/3D/SM_Austin_Lamp/Austin_Lamp.fbx
2023-01-09 22:35:01: LOG: Export: C:/Storage/3D/SM_Austin_Lamp/SM_Austin_Lamp.fbx
2023-01-09 22:35:07: LOG: Export: C:/Storage/3D/SM_Austin_Lamp/SM_Austin_Lamp_shdw.fbx
2023-01-09 22:39:23: LOG: Export: C:/Storage/3D/SM_Austin_TeaCase/SM_Austin_TeaCase.fbx
2023-01-09 22:39:28: LOG: Export: C:/Storage/3D/SM_Austin_TeaCase/SM_Austin_TeaCase_shdw.fbx
2023-01-09 22:49:11: LOG: Export: C:/Storage/3D/SM_Austin_Lamp/SM_Austin_Lamp.fbx
2023-01-09 22:49:36: LOG: Export: C:/Storage/3D/SM_Austin_TeaCase/SM_Austin_TeaCase.fbx
2023-01-10 14:40:45: LOG: Export: C:/Storage/3D/SM_Austin_Dummy/Dummy.fbx
2023-01-10 20:06:27: LOG: Export: C:/Storage/3D/SM_Austin_Dummy/source/Dummy.fbx
2023-01-10 21:19:48: LOG: Export: C:/Storage/3D/SM_Austin_Dummy/source/123.fbx
2023-01-10 21:29:21: LOG: Export: C:/Storage/3D/SM_Austin_Dummy/source/123.fbx
2023-01-10 21:52:00: LOG: Export: C:/Storage/3D/SM_Austin_Dummy/HP.fbx
2023-01-10 21:52:15: LOG: Export: C:/Storage/3D/SM_Austin_Dummy/HP.fbx
2023-01-10 22:03:14: LOG: Export: C:/Storage/3D/SM_Austin_Lamp/SM_Austin_Lamp.fbx
2023-01-10 22:03:21: LOG: Export: C:/Storage/3D/SM_Austin_Lamp/SM_Austin_Lamp_shdw.fbx
2023-01-12 11:40:43: LOG: Export: C:/Storage/3D/SM_Austin_Dummy/source/123.fbx
2023-01-12 18:28:35: LOG: Export: C:/Storage/3D/SM_Austin_Dummy/bake/Lp_Dummy.fbx
2023-01-12 18:30:02: LOG: Export: C:/Storage/3D/SM_Austin_Dummy/bake/Hp_Dummy.fbx
2023-01-12 18:33:11: LOG: Export: C:/Storage/3D/SM_Austin_Dummy/bake/Hp_Dummy.fbx
2023-01-12 18:38:48: LOG: Export: C:/Storage/3D/SM_Austin_Dummy/Austin_Dummy.fbx
2023-01-12 18:44:35: LOG: Export: C:/Storage/3D/SM_Austin_Dummy/bake/Hp_Dummy.fbx
2023-01-12 18:45:34: LOG: Export: C:/Storage/3D/SM_Austin_Dummy/bake/Hp_Dummy.fbx
2023-01-12 18:46:00: LOG: Export: C:/Storage/3D/SM_Austin_Dummy/Austin_Dummy.fbx
2023-01-12 22:33:11: LOG: Export: C:/Storage/3D/SM_Austin_Dummy/SM_Austin_Dummy.fbx
2023-01-12 22:33:18: LOG: Export: C:/Storage/3D/SM_Austin_Dummy/Austin_Dummy_shdw.fbx
2023-01-12 22:34:32: LOG: Export: C:/Storage/3D/SM_Austin_Dummy/SM_Austin_Dummy_shdw.fbx
2023-01-12 22:50:17: LOG: Export: C:/Storage/3D/SM_Austin_Dummy/SM_Austin_Dummy.fbx
2023-01-12 22:50:21: LOG: Export: C:/Storage/3D/SM_Austin_Dummy/SM_Austin_Dummy_shdw.fbx
2023-01-16 16:00:42: LOG: Export: C:/Storage/3D/SM_Austin_Dummy/SM_Austin_Dummy_shdw.fbx
2023-01-16 16:00:49: LOG: Export: C:/Storage/3D/SM_Austin_Dummy/SM_Austin_Dummy.fbx
2023-01-16 16:25:17: LOG: Export: C:/Storage/3D/SM_Austin_Dummy/SM_Austin_Dummy.fbx
2023-01-17 17:36:21: LOG: Export: C:/Storage/3D/SM_Austin_MirrorStart/source/123.fbx
2023-01-17 19:57:34: LOG: Export: C:/Storage/3D/SM_Austin_MirrorStart/source/123.fbx
2023-01-17 19:57:47: LOG: Export: C:/Storage/3D/SM_Austin_MirrorStart/source/321.fbx
2023-01-19 11:46:59: LOG: Export: C:/Storage/3D/SM_Austin_MirrorStart/Bake/LP.fbx
2023-01-19 11:47:07: LOG: Export: C:/Storage/3D/SM_Austin_MirrorStart/Bake/HP.fbx
2023-01-19 11:50:04: LOG: Export: C:/Storage/3D/SM_Austin_MirrorStart/Bake/LP.fbx
2023-01-19 11:54:40: LOG: Export: C:/Storage/3D/SM_Austin_MirrorStart/Bake/LP.fbx
2023-01-19 11:55:01: LOG: Export: C:/Storage/3D/SM_Austin_MirrorStart/Bake/LP.fbx
2023-01-19 11:58:33: LOG: Export: C:/Storage/3D/SM_Austin_MirrorStart/Bake/HP.fbx
2023-01-19 11:58:40: LOG: Export: C:/Storage/3D/SM_Austin_MirrorStart/Bake/LP.fbx
2023-01-19 12:02:37: LOG: Export: C:/Storage/3D/SM_Austin_MirrorStart/Bake/LP.fbx
2023-01-19 12:02:41: LOG: Export: C:/Storage/3D/SM_Austin_MirrorStart/Bake/HP.fbx
2023-01-19 12:03:39: LOG: Export: C:/Storage/3D/SM_Austin_MirrorStart/Bake/HP.fbx
2023-01-19 12:03:53: LOG: Export: C:/Storage/3D/SM_Austin_MirrorStart/Bake/HP.fbx
2023-01-19 12:04:40: LOG: Export: C:/Storage/3D/SM_Austin_MirrorStart/Bake/LP.fbx
2023-01-19 12:05:22: LOG: Export: C:/Storage/3D/SM_Austin_MirrorStart/Bake/LP.fbx
2023-01-19 12:06:37: LOG: Export: C:/Storage/3D/SM_Austin_MirrorStart/Bake/LP.fbx
2023-01-19 12:09:14: LOG: Export: C:/Storage/3D/SM_Austin_MirrorStart/Bake/LP.fbx
2023-01-19 12:12:06: LOG: Export: C:/Storage/3D/SM_Austin_MirrorStart/Bake/LP.fbx
2023-01-19 12:14:59: LOG: Export: C:/Storage/3D/SM_Austin_MirrorStart/Bake/LP.fbx
2023-01-19 12:15:35: LOG: Export: C:/Storage/3D/SM_Austin_MirrorStart/Bake/LP.fbx
2023-01-19 12:16:07: LOG: Export: C:/Storage/3D/SM_Austin_MirrorStart/Bake/LP.fbx
2023-01-19 12:16:12: LOG: Export: C:/Storage/3D/SM_Austin_MirrorStart/Bake/HP.fbx
2023-01-19 12:17:22: LOG: Export: C:/Storage/3D/SM_Austin_MirrorStart/Bake/LP.fbx
2023-01-19 12:18:44: LOG: Export: C:/Storage/3D/SM_Austin_MirrorStart/Bake/LP.fbx
2023-01-19 12:22:52: LOG: Export: C:/Storage/3D/SM_Austin_MirrorStart/Bake/LP.fbx
2023-01-19 12:25:44: LOG: Export: C:/Storage/3D/SM_Austin_MirrorStart/Bake/LP.fbx
2023-01-19 12:27:00: LOG: Export: C:/Storage/3D/SM_Austin_MirrorStart/Bake/LP.fbx
2023-01-19 12:28:37: LOG: Export: C:/Storage/3D/SM_Austin_MirrorStart/Bake/LP.fbx
2023-01-19 12:33:45: LOG: Export: C:/Storage/3D/SM_Austin_MirrorStart/Bake/LP.fbx
2023-01-19 12:33:51: LOG: Export: C:/Storage/3D/SM_Austin_MirrorStart/Bake/HP.fbx
2023-01-19 12:34:42: LOG: Export: C:/Storage/3D/SM_Austin_MirrorStart/Bake/LP.fbx
2023-01-19 12:41:12: LOG: Export: C:/Storage/3D/SM_Austin_MirrorStart/Bake/LP.fbx
2023-01-19 14:16:34: LOG: Export: C:/Storage/3D/SM_Austin_MirrorStart/Austin_Mirror.fbx
2023-01-19 14:49:56: LOG: Export: C:/Storage/3D/SM_Austin_MirrorStart/Austin_Mirror.fbx
2023-01-19 16:28:56: LOG: Export: C:/Storage/3D/SM_Austin_MirrorStart/Austin_Mirror.fbx
2023-01-19 17:10:41: LOG: Export: C:/Storage/3D/SM_Austin_MirrorStart/Austin_Mirror.fbx
2023-01-19 19:57:05: LOG: Export: C:/Storage/3D/SM_Austin_MirrorStart/SM_Austin_Mirror.fbx
2023-01-19 19:57:12: LOG: Export: C:/Storage/3D/SM_Austin_MirrorStart/SM_Austin_Mirror_shdw.fbx
2023-01-23 17:49:26: LOG: Export: C:/Storage/3D/SM_Austin_WardrobeStartA/bake/Lp_pants.fbx
2023-01-23 17:49:34: LOG: Export: C:/Storage/3D/SM_Austin_WardrobeStartA/bake/Hp_pants.fbx
2023-01-23 18:05:15: LOG: Export: C:/Storage/3D/SM_Austin_WardrobeStartA/Austin_WardrobeStartAStuff.fbx
2023-01-23 18:05:26: LOG: Export: C:/Storage/3D/SM_Austin_WardrobeStartA/Austin_WardrobeStartA.fbx
2023-01-23 18:34:49: LOG: Export: C:/Storage/3D/SM_Austin_WardrobeStartA/Austin_WardrobeStartA.fbx
2023-01-23 18:35:19: LOG: Export: C:/Storage/3D/SM_Austin_WardrobeStartA/SM_Austin_WardrobeStartA.fbx
2023-01-23 19:14:34: LOG: Export: C:/Storage/3D/SM_Austin_WardrobeStartA/SM_Austin_WardrobeStartA.fbx
2023-01-23 20:18:28: LOG: Export: C:/Storage/3D/SM_Austin_WardrobeStartA/SM_Austin_WardrobeStartA.fbx
2023-01-23 20:19:27: LOG: Export: C:/Storage/3D/SM_Austin_WardrobeStartA/SM_Austin_WardrobeStartA.fbx
2023-01-23 22:37:50: LOG: Export: C:/Storage/3D/SM_Austin_WardrobeStartA/SM_Austin_WardrobeStartA_shdw.fbx
2023-01-23 22:40:35: LOG: Export: C:/Storage/3D/SM_Austin_WardrobeStartA/SM_Austin_WardrobeStartA.fbx
2023-01-23 22:47:50: LOG: Export: C:/Storage/3D/SM_Austin_WardrobeStartA/SM_Austin_WardrobeStartA.fbx
2023-01-25 16:00:38: LOG: Export: C:/Storage/3D/SM_Austin_WardrobeStartA/bake/Lp_pants.fbx
2023-01-25 16:00:48: LOG: Export: C:/Storage/3D/SM_Austin_WardrobeStartA/bake/Hp_pants.fbx
2023-01-25 16:02:33: LOG: Export: C:/Storage/3D/SM_Austin_WardrobeStartA/bake/Lp_pants.fbx
2023-01-25 16:05:27: LOG: Export: C:/Storage/3D/SM_Austin_WardrobeStartA/SM_Austin_WardrobeStartA.fbx
2023-01-25 16:06:38: LOG: Export: C:/Storage/3D/SM_Austin_WardrobeStartA/SM_Austin_WardrobeStartA.fbx
2023-01-25 16:07:18: LOG: Export: C:/Storage/3D/SM_Austin_WardrobeStartA/SM_Austin_WardrobeStartA.fbx
2023-01-25 16:09:55: LOG: Export: C:/Storage/3D/SM_Austin_WardrobeStartA/SM_Austin_WardrobeStartA.fbx
2023-01-25 16:09:59: LOG: Export: C:/Storage/3D/SM_Austin_WardrobeStartA/SM_Austin_WardrobeStartA_shdw.fbx
2023-01-25 16:33:19: LOG: Export: C:/Storage/3D/SM_Austin_WardrobeStartA/SM_Austin_WardrobeStartA.fbx
2023-01-25 16:33:24: LOG: Export: C:/Storage/3D/SM_Austin_WardrobeStartA/SM_Austin_WardrobeStartA_shdw.fbx
2023-01-25 16:37:45: LOG: Export: C:/Storage/3D/SM_Austin_WardrobeStartA/SM_Austin_WardrobeStartA.fbx
2023-01-25 16:37:50: LOG: Export: C:/Storage/3D/SM_Austin_WardrobeStartA/SM_Austin_WardrobeStartA_shdw.fbx
2023-01-25 16:39:12: LOG: Export: C:/Storage/3D/SM_Austin_WardrobeStartA/SM_Austin_WardrobeStartA.fbx
2023-01-25 16:39:16: LOG: Export: C:/Storage/3D/SM_Austin_WardrobeStartA/SM_Austin_WardrobeStartA_shdw.fbx
2023-01-26 11:41:59: LOG: Export: C:/Storage/3D/SM_Austin_WardrobeStartB/SM_Austin_WardrobeStartB.fbx
2023-01-26 11:58:35: LOG: Export: C:/Storage/3D/SM_Austin_WardrobeStartB/SM_Austin_WardrobeStartB.fbx
2023-01-26 13:22:42: LOG: Export: C:/Storage/3D/SM_Austin_WardrobeStartB/SM_Austin_WardrobeStartB.fbx
2023-01-26 13:24:42: LOG: Export: C:/Storage/3D/SM_Austin_WardrobeStartB/SM_Austin_WardrobeStartB.fbx
2023-01-26 13:25:16: LOG: Export: C:/Storage/3D/SM_Austin_WardrobeStartB/SM_Austin_WardrobeStartB.fbx
2023-01-26 15:08:24: LOG: Export: C:/Storage/3D/SM_Austin_WardrobeStartB/SM_Austin_WardrobeStartB.fbx
2023-01-26 15:53:46: LOG: Export: C:/Storage/3D/SM_Austin_WardrobeStartB/SM_Austin_WardrobeStartB_shdw.fbx
2023-01-26 15:53:52: LOG: Export: C:/Storage/3D/SM_Austin_WardrobeStartB/SM_Austin_WardrobeStartB.fbx
2023-01-28 20:17:38: LOG: Export: C:/texture/SD/Cylinder.fbx
2023-01-28 20:18:25: LOG: Export: C:/texture/SD/Cylinder.fbx
2023-01-28 20:18:44: LOG: Export: C:/texture/SD/Cylinder.fbx
2023-01-28 20:21:08: LOG: Export: C:/texture/SD/Cylinder.fbx
2023-01-28 20:26:32: LOG: Export: C:/texture/SD/Cylinder.fbx
2023-01-28 21:22:05: LOG: Export: C:/texture/SD/Cylinder.fbx
2023-01-28 21:27:14: LOG: Export: C:/texture/SD/Cylinder.fbx
2023-02-01 18:02:05: LOG: Export: C:/Storage/3D/AM_RC_location/sculpt/stone.fbx
2023-02-07 22:49:27: LOG: Export: C:/Storage/3D/AM_RC_location/source/GrassStage3.fbx
2023-02-13 17:08:26: LOG: Export: C:/Storage/3D/AM_RC_location/source/123.fbx
2023-02-14 09:43:15: LOG: Export: C:/Storage/3D/AM_RC_location/sculpt/stone_girl.fbx
2023-02-14 10:19:03: LOG: Export: C:/Storage/3D/AM_RC_location/sculpt/stone_girl.fbx
2023-02-14 10:19:52: LOG: Export: C:/Storage/3D/AM_RC_location/sculpt/stone_girl.fbx
2023-02-14 10:21:09: LOG: Export: C:/Storage/3D/AM_RC_location/sculpt/stone_girl.fbx
2023-02-14 10:22:03: LOG: Export: C:/Storage/3D/AM_RC_location/sculpt/stone_girl2.fbx
2023-02-14 11:52:37: LOG: Export: C:/Storage/3D/AM_RC_location/sculpt/stone_girl.fbx
2023-02-15 11:01:20: LOG: Export: C:/Storage/3D/AM_RC_location/sculpt/statue.fbx
2023-02-15 17:52:37: LOG: Export: C:/Storage/3D/AM_RC_location/sculpt/costume.fbx
2023-02-15 19:09:16: LOG: Export: C:/Storage/3D/AM_RC_location/sculpt/costume2.fbx
2023-02-17 11:04:51: LOG: Export: C:/Storage/3D/AM_RC_location/sculpt/whole.fbx
2023-02-17 12:07:47: LOG: Export: C:/Storage/3D/AM_RC_location/sculpt/balloone.fbx
2023-02-17 18:50:08: LOG: Export: C:/Storage/3D/AM_RC_location/source/grass.fbx
2023-02-17 18:54:25: LOG: Export: C:/Storage/3D/AM_RC_location/source/grass.fbx
2023-02-18 22:18:27: LOG: Export: C:/Storage/3D/AM_RC_location/source/grass_test.fbx
2023-02-18 22:20:59: LOG: Export: C:/Storage/3D/AM_RC_location/source/grass_test.fbx
2023-02-18 22:22:38: LOG: Export: C:/Storage/3D/AM_RC_location/source/grass_test.fbx
2023-02-19 01:52:29: LOG: Export: C:/Storage/3D/AM_RC_location/source/grass.fbx
2023-02-19 17:30:39: LOG: Export: C:/Storage/3D/AM_RC_location/source/grass_test.fbx
2023-02-19 17:47:22: LOG: Export: C:/Storage/3D/AM_RC_location/source/grass_test.fbx
2023-02-19 18:02:31: LOG: Export: C:/Storage/3D/AM_RC_location/source/grass_test.fbx
2023-02-19 18:03:47: LOG: Export: C:/Storage/3D/AM_RC_location/source/grass_test.fbx
2023-02-19 19:24:13: LOG: Export: C:/Storage/3D/AM_RC_location/source/gress2.fbx
2023-02-21 11:28:36: LOG: Export: C:/Storage/3D/AM_RC_location/source/head.fbx
2023-02-21 11:32:36: LOG: Export: C:/Storage/3D/AM_RC_location/source/head.fbx
2023-02-21 18:21:42: LOG: Export: C:/Storage/3D/AM_RC_location/source/grass.fbx
2023-02-23 08:14:57: LOG: Export: C:/Storage/3D/AM_RC_location/RF_RC.fbx
2023-03-03 18:49:07: LOG: Export: C:/Storage/3D/AM_RC_RI/source/stonetiale.fbx
2023-03-03 18:49:07: LOG: [WARNING] Unsupported map(s). - The plug-in does not support the following maps and will not export them. 
To learn how to convert them so they export correctly, see Edit > Convert to File Texture in the Maya documentation. colorComposite1
2023-03-03 18:50:21: LOG: Export: C:/Storage/3D/AM_RC_RI/source/stonetiale.fbx
2023-03-03 18:50:21: LOG: [WARNING] Unsupported map(s). - The plug-in does not support the following maps and will not export them. 
To learn how to convert them so they export correctly, see Edit > Convert to File Texture in the Maya documentation. colorComposite1
2023-03-03 18:50:28: LOG: Export: C:/Storage/3D/AM_RC_RI/source/stonetiale.fbx
2023-03-03 18:50:28: LOG: [WARNING] Unsupported map(s). - The plug-in does not support the following maps and will not export them. 
To learn how to convert them so they export correctly, see Edit > Convert to File Texture in the Maya documentation. colorComposite1
2023-03-03 21:29:51: LOG: Export: C:/Storage/3D/AM_RC_RI/source/stonetiale.fbx
2023-03-03 21:40:22: LOG: Export: C:/Storage/3D/AM_RC_RI/source/stonetiale.fbx
2023-03-03 21:42:57: LOG: Export: C:/Storage/3D/AM_RC_RI/source/stonetiale.fbx
2023-03-03 21:42:57: LOG: [WARNING] Unsupported map(s). - The plug-in does not support the following maps and will not export them. 
To learn how to convert them so they export correctly, see Edit > Convert to File Texture in the Maya documentation. colorComposite1
2023-03-03 22:36:46: LOG: Export: C:/Storage/3D/AM_RC_RI/source/stonetiale.fbx
2023-03-03 22:36:46: LOG: [WARNING] Unsupported map(s). - The plug-in does not support the following maps and will not export them. 
To learn how to convert them so they export correctly, see Edit > Convert to File Texture in the Maya documentation. colorComposite1
2023-03-06 14:47:17: LOG: Export: C:/Storage/3D/AM_RC_RI/source/plankton.fbx
2023-03-06 14:47:17: LOG: [WARNING] Unsupported map(s). - The plug-in does not support the following maps and will not export them. 
To learn how to convert them so they export correctly, see Edit > Convert to File Texture in the Maya documentation. colorComposite1
2023-03-08 20:54:23: LOG: Export: C:/Storage/3D/AM_RC_RI/source/grass.fbx
2023-03-10 12:52:39: LOG: Export: C:/Storage/3D/AM_RC_RI/RC_RI.fbx
2023-03-10 12:52:44: LOG: [WARNING] Unable to export some material(s) - The plug-in does not support the following material types:
 Material  will be exported as a grey Lambert material.
2023-03-10 12:52:44: LOG: [WARNING] Unsupported map(s). - The plug-in does not support the following maps and will not export them. 
To learn how to convert them so they export correctly, see Edit > Convert to File Texture in the Maya documentation. ramp2 colorComposite1
2023-03-13 20:28:48: LOG: Export: C:/Storage/3D/FS_Icone/source/123.fbx
2023-03-13 20:40:39: LOG: Export: C:/Storage/3D/FS_Icone/source/123.fbx
2023-03-13 20:41:12: LOG: Export: C:/Storage/3D/FS_Icone/source/123.fbx
2023-03-13 20:41:38: LOG: Export: C:/Storage/3D/FS_Icone/source/123.fbx
2023-03-13 21:38:41: LOG: Export: C:/Storage/3D/FS_Icone/source/123.fbx
2023-03-14 15:45:48: LOG: Export: C:/Storage/3D/FS_Icone/source/123.fbx
2023-03-14 16:11:17: LOG: Export: C:/Storage/3D/FS_Icone/source/camera.fbx
2023-03-14 16:17:17: LOG: Export: C:/Storage/3D/FS_Icone/source/camera.fbx
2023-03-14 16:17:29: LOG: Export: C:/Storage/3D/FS_Icone/source/camera.fbx
2023-03-14 18:29:14: LOG: Export: C:/Storage/3D/FS_Icone/source/123.fbx
2023-03-16 11:52:08: LOG: Export: C:/Storage/3D/FS_Icone/source/123.fbx
2023-03-16 12:13:17: LOG: Export: C:/Storage/3D/FS_Icone/source/123.fbx
2023-03-16 13:52:31: LOG: Export: C:/Storage/3D/FS_Icone/source/123.fbx
2023-03-16 17:27:57: LOG: Export: C:/Storage/3D/FS_Icone/source/123.fbx
2023-03-16 17:36:20: LOG: Export: C:/Storage/3D/FS_Icone/source/123.fbx
2023-03-16 17:38:27: LOG: Export: C:/Storage/3D/FS_Icone/source/123.fbx
2023-03-17 12:21:34: LOG: Export: C:/Storage/3D/FS_Icone/source/MusicBox.fbx
2023-03-17 13:22:19: LOG: Export: C:/Storage/3D/FS_Icone/source/Maniqen.fbx
2023-03-17 14:47:36: LOG: Export: C:/Storage/3D/FS_Icone/source/Chair.fbx
2023-03-17 14:47:36: LOG: [WARNING] Non-orthogonal matrix support - One or more objects in the scene has local axes that are not perpendicular to each other (non-orthogonal). 
	The FBX plug-in only supports orthogonal (or perpendicular) axes and will not correctly import or export any transformations that involve non-perpendicular local axes. 
	This can create an inaccurate appearance with the affected objects:  pCube16 pCube15 pCube14
2023-03-17 16:11:22: LOG: Export: C:/Storage/3D/FS_Icone/source/Fun.fbx
2023-03-17 16:52:41: LOG: Export: C:/Storage/3D/FS_Icone/source/SpotLight.fbx
2023-03-17 17:30:44: LOG: Export: C:/Storage/3D/FS_Icone/source/Mirror.fbx
2023-03-17 18:08:51: LOG: Export: C:/Storage/3D/FS_Icone/source/traler.fbx
2023-03-17 18:17:33: LOG: Export: C:/Storage/3D/FS_Icone/source/123.fbx
2023-03-17 18:55:39: LOG: Export: C:/Storage/3D/FS_Icone/source/Decoration.fbx
2023-03-17 19:08:38: LOG: Export: C:/Storage/3D/FS_Icone/source/head.fbx
2023-03-20 16:37:20: LOG: Export: C:/Storage/3D/FS_Icone/source/Chair.fbx
2023-03-20 16:37:20: LOG: [WARNING] Non-orthogonal matrix support - One or more objects in the scene has local axes that are not perpendicular to each other (non-orthogonal). 
	The FBX plug-in only supports orthogonal (or perpendicular) axes and will not correctly import or export any transformations that involve non-perpendicular local axes. 
	This can create an inaccurate appearance with the affected objects:  pCube16 pCube15 pCube14
2023-03-20 16:37:49: LOG: Export: C:/Storage/3D/FS_Icone/source/Chair.fbx
2023-03-20 16:37:49: LOG: [WARNING] Non-orthogonal matrix support - One or more objects in the scene has local axes that are not perpendicular to each other (non-orthogonal). 
	The FBX plug-in only supports orthogonal (or perpendicular) axes and will not correctly import or export any transformations that involve non-perpendicular local axes. 
	This can create an inaccurate appearance with the affected objects:  pCube16 pCube15 pCube14
2023-03-21 15:03:41: LOG: Export: C:/Storage/3D_2D/PF_BV/source/telega.fbx
2023-03-21 15:54:08: LOG: Export: C:/Storage/3D_2D/PF_BV/source/123.fbx
2023-03-21 16:19:32: LOG: Export: C:/Storage/3D_2D/PF_BV/source/123.fbx
2023-03-21 17:42:07: LOG: Export: C:/Storage/3D_2D/PF_BV/source/123.fbx
2023-03-21 18:33:24: LOG: Export: C:/Storage/3D_2D/PF_BV/source/123.fbx
2023-03-21 18:33:44: LOG: Export: C:/Storage/3D_2D/PF_BV/source/123.fbx
2023-03-21 18:38:11: LOG: Export: C:/Storage/3D_2D/PF_BV/source/123.fbx
2023-03-22 12:40:39: LOG: Export: C:/Storage/3D_2D/source/CameraForRenderPers.fbx
2023-03-22 12:42:33: LOG: Export: C:/Storage/3D_2D/PF_BV/source/RenderIconeMain.fbx
2023-03-23 14:00:45: LOG: Export: C:/texture/SD/Cylinder2.fbx
2023-03-23 14:42:06: LOG: Export: C:/Users/shustov-a/Desktop/Papa.fbx
2023-03-23 14:42:07: LOG: [WARNING] Constraints export failed - The scene contains constraints. Activate the Export constraints or Bake Animation options before exporting.

2023-03-23 14:42:07: LOG: [WARNING] Unsupported constraints export failed - The scene contains constraints that are not supported by the FBX file format. Activate the Bake Animation option before exporting.

2023-03-23 14:42:07: LOG: [WARNING] Unsupported transform node with multiple shape nodes - This scene contains at least one transform node with multiple shape nodes. The plug-in will export only one of the shape nodes.
The name(s) of transform node(s):  |Group|Main
2023-03-27 15:29:12: LOG: Export: C:/Storage/3D_2D/Icone_Ticket/tickets.fbx
2023-03-27 15:48:27: LOG: Export: C:/Storage/3D_2D/Icone_Ticket/tickets.fbx
2023-03-27 17:02:25: LOG: Export: C:/Storage/3D_2D/Icone_Ticket/tickets.fbx
2023-03-28 12:28:54: LOG: Export: C:/Storage/3D_2D/Icone_Ticket/tickets.fbx
2023-03-28 12:38:38: LOG: Export: C:/Storage/3D_2D/Icone_Ticket/tickets.fbx
2023-03-28 12:40:11: LOG: Export: C:/Storage/3D_2D/Icone_Ticket/tickets.fbx
2023-03-28 16:11:27: LOG: Export: C:/Storage/3D_2D/Icone_Ticket/tickets.fbx
2023-03-28 16:47:41: LOG: Export: C:/Storage/3D_2D/Icone_Ticket/tickets.fbx
2023-03-28 17:40:33: LOG: Export: C:/Storage/3D_2D/Icone_Ticket/tickets.fbx
2023-03-28 17:57:55: LOG: Export: C:/Storage/3D_2D/Icone_Ticket/tickets.fbx
2023-03-28 19:11:03: LOG: Export: C:/Storage/3D_2D/Icone_Ticket/tickets.fbx
2023-03-30 12:55:59: LOG: Export: C:/Storage/3D_2D/AM_AR/icone/Brash.fbx
2023-03-30 12:56:31: LOG: Export: C:/Storage/3D_2D/AM_AR/icone/HeadSculpt.fbx
2023-03-30 12:56:37: LOG: Export: C:/Storage/3D_2D/AM_AR/icone/ClayPot.fbx
2023-03-30 12:56:43: LOG: Export: C:/Storage/3D_2D/AM_AR/icone/Clost.fbx
2023-03-30 12:56:50: LOG: Export: C:/Storage/3D_2D/AM_AR/icone/Picture.fbx
2023-03-30 12:56:58: LOG: Export: C:/Storage/3D_2D/AM_AR/icone/Gramophone.fbx
2023-03-30 12:57:04: LOG: Export: C:/Storage/3D_2D/AM_AR/icone/Screen.fbx
2023-03-30 12:57:15: LOG: Export: C:/Storage/3D_2D/AM_AR/icone/DraftPainting.fbx
2023-03-30 12:57:21: LOG: Export: C:/Storage/3D_2D/AM_AR/icone/Sofa.fbx
2023-03-30 12:57:26: LOG: Export: C:/Storage/3D_2D/AM_AR/icone/Decor.fbx
2023-03-30 12:58:09: LOG: Export: C:/Storage/3D_2D/AM_AR/icone/Clost.fbx
2023-03-30 13:09:57: LOG: Export: C:/Storage/3D_2D/AM_AR/icone/Picture.fbx
2023-04-04 11:33:42: LOG: Export: C:/Storage/3D_2D/Chest_Safe/renderCam.fbx
2023-04-04 14:08:11: LOG: Export: C:/Storage/3D_2D/Chest_Safe/chest.fbx
2023-04-06 12:03:14: LOG: Export: C:/Storage/3D_2D/AM_JG/IconeMaine/GEO.fbx
2023-04-06 13:51:22: LOG: Export: C:/Storage/3D_2D/AM_JG/IconeMaine/123.fbx
2023-04-06 14:09:57: LOG: Export: C:/Storage/3D_2D/AM_JG/IconeMaine/Compass.fbx
2023-04-07 12:38:54: LOG: Export: C:/Storage/Reuse_source/accessories/Compass.fbx
2023-04-07 12:39:21: LOG: Export: C:/Storage/Reuse_source/hate/Hate_1.fbx
2023-04-07 12:39:47: LOG: Export: C:/Storage/Reuse_source/table/Table_1.fbx
2023-04-07 12:40:11: LOG: Export: C:/Storage/Reuse_source/chair/Chair_1.fbx
2023-04-07 16:49:14: LOG: Export: C:/Storage/3D_2D/Chest_Safe/chest_2.fbx
2023-04-07 19:06:36: LOG: Export: C:/Storage/3D_2D/Chest_Safe/6.fbx
2023-04-10 12:16:34: LOG: Export: C:/Storage/3D_2D/Chest_Safe/6.fbx
2023-04-10 12:59:43: LOG: Export: C:/Storage/3D_2D/Chest_Safe/6.fbx
2023-04-13 13:11:23: LOG: Export: C:/Storage/3D_2D/Chest/source/Chest_Wood.fbx
2023-04-13 13:11:35: LOG: Export: C:/Storage/3D_2D/Chest/source/Chest_Metall_Red.fbx
2023-04-13 13:11:36: LOG: [WARNING] Unable to export some material(s) - The plug-in does not support the following material types:
 Material  will be exported as a grey Lambert material.
2023-04-13 13:11:45: LOG: Export: C:/Storage/3D_2D/Chest/source/Chest_Metall_Blue.fbx
2023-04-13 13:11:46: LOG: [WARNING] Unable to export some material(s) - The plug-in does not support the following material types:
 Material  will be exported as a grey Lambert material.
2023-04-20 16:17:03: LOG: Export: C:/Users/shustov-a/Desktop/Mycroft.fbx
2023-04-20 16:17:04: LOG: [WARNING] Constraints export failed - The scene contains constraints. Activate the Export constraints or Bake Animation options before exporting.

2023-04-20 16:17:04: LOG: [WARNING] Unsupported constraints export failed - The scene contains constraints that are not supported by the FBX file format. Activate the Bake Animation option before exporting.

2023-04-20 22:09:44: LOG: Export: C:/Storage/Reuse_source/123.fbx
2023-04-20 22:15:48: LOG: Export: C:/Storage/Reuse_source/tile/StoneTile_1.fbx
2023-04-20 22:32:21: LOG: Export: C:/Storage/Reuse_source/tile/StoneTile_1.fbx
2023-04-21 17:46:54: LOG: Export: C:/Storage/3D_2D/AM_FR/source/grass.fbx
2023-04-21 20:24:02: LOG: Export: C:/Storage/3D_2D/AM_FR/source/Cloud.fbx
2023-04-24 15:12:38: LOG: Export: C:/Users/shustov-a/Desktop/TestFish.fbx
2023-04-24 15:19:48: LOG: Export: C:/Users/shustov-a/Desktop/Test/TestFish.fbx
2023-04-24 15:20:04: LOG: Export: C:/Users/shustov-a/Desktop/Test/TestFish.fbx
2023-04-24 15:44:46: LOG: Export: C:/Users/shustov-a/Desktop/Test/TestFishRGB.fbx
2023-04-24 15:44:55: LOG: Export: C:/Users/shustov-a/Desktop/Test/TestFishRGBA.fbx
2023-04-24 23:01:22: LOG: Export: C:/Storage/3D_2D/AM_FR/Main_Icone/GEO.fbx
2023-04-25 22:13:40: LOG: Export: C:/Storage/3D_2D/Aquarium/GEO.fbx
2023-04-26 12:48:11: LOG: Export: C:/Storage/3D_2D/Aquarium/GEO.fbx
2023-04-26 12:50:05: LOG: Export: C:/Storage/3D_2D/Aquarium/GEO.fbx
2023-04-26 13:00:13: LOG: Export: C:/Storage/3D_2D/Aquarium/GEO.fbx
2023-04-26 13:35:05: LOG: Export: C:/Storage/3D_2D/Aquarium/GEO.fbx
2023-04-26 14:16:12: LOG: Export: C:/Storage/3D_2D/Aquarium/GEO.fbx
2023-04-28 13:27:52: LOG: Export: C:/Storage/3D_2D/Aquarium/GEO.fbx
2023-04-28 14:15:37: LOG: Export: C:/Storage/3D_2D/Aquarium/GEO.fbx
2023-04-28 17:02:53: LOG: Export: C:/Storage/3D_2D/Aquarium/GEO.fbx
2023-04-28 17:51:46: LOG: Export: C:/Storage/3D_2D/Aquarium/GEO.fbx
2023-05-01 14:55:30: LOG: Export: C:/Storage/Reuse_source/grass/Grass_pack_01.fbx
2023-05-01 15:11:59: LOG: Export: C:/Storage/3D_2D/Race_Chest/Race1_01/Grass1.fbx
2023-05-01 16:11:11: LOG: Export: C:/Storage/3D_2D/Race_Chest/Race1_01/Grass1.fbx
2023-05-08 15:50:08: LOG: Export: C:/Storage/3D_2D/Chest_With_Bonus/GEO.fbx
2023-05-10 13:33:16: LOG: Export: C:/Storage/3D_2D/Chest_For_Race_Chest/Chests.fbx
2023-05-12 10:15:44: LOG: Export: C:/Storage/3D_2D/New Folder/Flame.fbx
2023-05-12 15:24:10: LOG: Export: C:/Storage/3D_2D/Snail_On_Flame/GEO.fbx
2023-05-15 16:18:08: LOG: Export: C:/Storage/3D_2D/AM_FR/Main_Icone/GEO_FIX.fbx
2023-05-16 11:34:08: LOG: Export: C:/Storage/3D_2D/Snail_On_Flame/GEO.fbx
2023-05-18 15:47:11: LOG: Export: C:/Storage/3D_2D/AM_AR/icone/Ladder.fbx
2023-05-18 16:43:02: LOG: Export: C:/Storage/3D_2D/AM_AR/icone/Ladder.fbx
2023-05-24 14:52:18: LOG: Export: C:/Storage/3D_2D/Propeller_Illustration/Grass123.fbx
2023-05-24 15:22:06: LOG: Export: C:/Storage/3D_2D/Propeller_Illustration/Stone.fbx
2023-05-25 14:22:47: LOG: Export: C:/Storage/3D_2D/Propeller_Illustration/GEO_Subdive.fbx
2023-05-25 14:22:53: LOG: [WARNING] Non-orthogonal matrix support - One or more objects in the scene has local axes that are not perpendicular to each other (non-orthogonal). 
	The FBX plug-in only supports orthogonal (or perpendicular) axes and will not correctly import or export any transformations that involve non-perpendicular local axes. 
	This can create an inaccurate appearance with the affected objects:  pCube2 pCube5
2023-05-25 14:23:13: LOG: Export: C:/Storage/3D_2D/Propeller_Illustration/GEO_Not_Subdive.fbx
2023-05-25 14:25:22: LOG: Export: C:/Storage/3D_2D/Propeller_Illustration/GEO_Subdive.fbx
2023-05-25 14:25:25: LOG: [WARNING] Non-orthogonal matrix support - One or more objects in the scene has local axes that are not perpendicular to each other (non-orthogonal). 
	The FBX plug-in only supports orthogonal (or perpendicular) axes and will not correctly import or export any transformations that involve non-perpendicular local axes. 
	This can create an inaccurate appearance with the affected objects:  pCube2 pCube5
2023-05-25 14:25:32: LOG: Export: C:/Storage/3D_2D/Propeller_Illustration/GEO_Not_Subdive.fbx
2023-05-25 14:26:39: LOG: Export: C:/Storage/3D_2D/Propeller_Illustration/Camera.fbx
2023-05-29 11:21:17: LOG: Export: C:/Storage/3D_2D/Propeller_Illustration/GEO_Subdive.fbx
2023-05-29 11:22:04: LOG: Export: C:/Storage/3D_2D/Propeller_Illustration/GEO_Not_Subdive.fbx
